<Event xmlns='http://schemas.microsoft.com/win/2004/08/events/event'><System><Provider Name='Microsoft-Windows-Sysmon' Guid='{5770385f-c22a-43e0-bf4c-06f5698ffbd9}'/><EventID>1</EventID><Version>5</Version><Level>4</Level><Task>1</Task><Opcode>0</Opcode><Keywords>0x8000000000000000</Keywords><TimeCreated SystemTime='2021-09-30T14:34:11.2732575Z'/><EventRecordID>1730025</EventRecordID><Correlation/><Execution ProcessID='3064' ThreadID='3712'/><Channel>Microsoft-Windows-Sysmon/Operational</Channel><Computer>DESKTOP-FPVDM4B</Computer><Security UserID='S-1-5-18'/></System><EventData><Data Name='RuleName'>-</Data><Data Name='UtcTime'>2021-09-30 14:34:11.248</Data><Data Name='ProcessGuid'>{de1f7a01-cae3-6155-5e00-000000000600}</Data><Data Name='ProcessId'>4876</Data><Data Name='Image'>C:\Windows\System32\svchost.exe</Data><Data Name='FileVersion'>10.0.19041.546 (WinBuild.160101.0800)</Data><Data Name='Description'>Host Process for Windows Services</Data><Data Name='Product'>Microsoft® Windows® Operating System</Data><Data Name='Company'>Microsoft Corporation</Data><Data Name='OriginalFileName'>svchost.exe</Data><Data Name='CommandLine'>C:\Windows\system32\svchost.exe -k wsappx -p -s AppXSvc</Data><Data Name='CurrentDirectory'>C:\Windows\system32\</Data><Data Name='User'>NT-AUTORITÄT\SYSTEM</Data><Data Name='LogonGuid'>{de1f7a01-cacf-6155-e703-000000000000}</Data><Data Name='LogonId'>0x3e7</Data><Data Name='TerminalSessionId'>0</Data><Data Name='IntegrityLevel'>System</Data><Data Name='Hashes'>MD5=F586835082F632DC8D9404D83BC16316,SHA256=643EC58E82E0272C97C2A59F6020970D881AF19C0AD5029DB9C958C13B6558C7</Data><Data Name='ParentProcessGuid'>{de1f7a01-cacf-6155-0b00-000000000600}</Data><Data Name='ParentProcessId'>656</Data><Data Name='ParentImage'>C:\Windows\System32\services.exe</Data><Data Name='ParentCommandLine'>C:\Windows\system32\services.exe</Data></EventData></Event>
<Event xmlns='http://schemas.microsoft.com/win/2004/08/events/event'><System><Provider Name='Microsoft-Windows-Sysmon' Guid='{5770385f-c22a-43e0-bf4c-06f5698ffbd9}'/><EventID>10</EventID><Version>3</Version><Level>4</Level><Task>10</Task><Opcode>0</Opcode><Keywords>0x8000000000000000</Keywords><TimeCreated SystemTime='2021-09-30T14:34:11.2733707Z'/><EventRecordID>1730026</EventRecordID><Correlation/><Execution ProcessID='3064' ThreadID='3712'/><Channel>Microsoft-Windows-Sysmon/Operational</Channel><Computer>DESKTOP-FPVDM4B</Computer><Security UserID='S-1-5-18'/></System><EventData><Data Name='RuleName'>-</Data><Data Name='UtcTime'>2021-09-30 14:34:11.262</Data><Data Name='SourceProcessGUID'>{de1f7a01-cacf-6155-0b00-000000000600}</Data><Data Name='SourceProcessId'>656</Data><Data Name='SourceThreadId'>3516</Data><Data Name='SourceImage'>C:\Windows\system32\services.exe</Data><Data Name='TargetProcessGUID'>{de1f7a01-cae3-6155-5e00-000000000600}</Data><Data Name='TargetProcessId'>4876</Data><Data Name='TargetImage'>C:\Windows\system32\svchost.exe</Data><Data Name='GrantedAccess'>0x1fffff</Data><Data Name='CallTrace'>C:\Windows\SYSTEM32\ntdll.dll+9e614|C:\Windows\System32\KERNELBASE.dll+8dcc|C:\Windows\System32\KERNELBASE.dll+63c3|C:\Windows\System32\KERNEL32.DLL+1db20|C:\Windows\system32\services.exe+15477|C:\Windows\system32\services.exe+9703|C:\Windows\system32\services.exe+13be9|C:\Windows\system32\services.exe+1387a|C:\Windows\system32\services.exe+12dc8|C:\Windows\system32\services.exe+127aa|C:\Windows\system32\services.exe+63b1|C:\Windows\System32\RPCRT4.dll+7a0e3|C:\Windows\System32\RPCRT4.dll+1c468|C:\Windows\System32\RPCRT4.dll+5ec3a|C:\Windows\System32\RPCRT4.dll+57838|C:\Windows\System32\RPCRT4.dll+39e06|C:\Windows\System32\RPCRT4.dll+39758|C:\Windows\System32\RPCRT4.dll+47f6f|C:\Windows\System32\RPCRT4.dll+47378|C:\Windows\System32\RPCRT4.dll+46961|C:\Windows\System32\RPCRT4.dll+463ce|C:\Windows\System32\RPCRT4.dll+4a9d2|C:\Windows\SYSTEM32\ntdll.dll+20330|C:\Windows\SYSTEM32\ntdll.dll+52f26</Data></EventData></Event>
<Event xmlns='http://schemas.microsoft.com/win/2004/08/events/event'><System><Provider Name='Microsoft-Windows-Sysmon' Guid='{5770385f-c22a-43e0-bf4c-06f5698ffbd9}'/><EventID>10</EventID><Version>3</Version><Level>4</Level><Task>10</Task><Opcode>0</Opcode><Keywords>0x8000000000000000</Keywords><TimeCreated SystemTime='2021-09-30T14:34:11.2735873Z'/><EventRecordID>1730027</EventRecordID><Correlation/><Execution ProcessID='3064' ThreadID='3712'/><Channel>Microsoft-Windows-Sysmon/Operational</Channel><Computer>DESKTOP-FPVDM4B</Computer><Security UserID='S-1-5-18'/></System><EventData><Data Name='RuleName'>-</Data><Data Name='UtcTime'>2021-09-30 14:34:11.262</Data><Data Name='SourceProcessGUID'>{de1f7a01-cad4-6155-4600-000000000600}</Data><Data Name='SourceProcessId'>2192</Data><Data Name='SourceThreadId'>4636</Data><Data Name='SourceImage'>C:\Program Files\Windows Defender\MsMpEng.exe</Data><Data Name='TargetProcessGUID'>{de1f7a01-cacf-6155-0b00-000000000600}</Data><Data Name='TargetProcessId'>656</Data><Data Name='TargetImage'>C:\Windows\system32\services.exe</Data><Data Name='GrantedAccess'>0x1000</Data><Data Name='CallTrace'>C:\Windows\SYSTEM32\ntdll.dll+9d1e4|C:\Windows\System32\KERNELBASE.dll+2bcbe|C:\ProgramData\Microsoft\Windows Defender\Definition Updates\Default\mpengine.dll+489480|C:\ProgramData\Microsoft\Windows Defender\Definition Updates\Default\mpengine.dll+489254|C:\ProgramData\Microsoft\Windows Defender\Definition Updates\Default\mpengine.dll+2ba520|C:\ProgramData\Microsoft\Windows Defender\Definition Updates\Default\mpengine.dll+2ec612|C:\ProgramData\Microsoft\Windows Defender\Definition Updates\Default\mpengine.dll+52ae62|C:\ProgramData\Microsoft\Windows Defender\Definition Updates\Default\mpengine.dll+202e8|C:\ProgramData\Microsoft\Windows Defender\Definition Updates\Default\mpengine.dll+1da0f|C:\ProgramData\Microsoft\Windows Defender\Definition Updates\Default\mpengine.dll+1d605|C:\ProgramData\Microsoft\Windows Defender\Definition Updates\Default\mpengine.dll+18da5|C:\ProgramData\Microsoft\Windows Defender\Definition Updates\Default\mpengine.dll+18392|C:\ProgramData\Microsoft\Windows Defender\Definition Updates\Default\mpengine.dll+9292b|C:\ProgramData\Microsoft\Windows Defender\Definition Updates\Default\mpengine.dll+180920|C:\ProgramData\Microsoft\Windows Defender\Definition Updates\Default\mpengine.dll+4a0a8c|C:\ProgramData\Microsoft\Windows Defender\Definition Updates\Default\mpengine.dll+70daf|C:\ProgramData\Microsoft\Windows Defender\Definition Updates\Default\mpengine.dll+7049a|C:\ProgramData\Microsoft\Windows Defender\Definition Updates\Default\mpengine.dll+2bca41|C:\ProgramData\Microsoft\Windows Defender\Definition Updates\Default\mpengine.dll+2e57cf|C:\ProgramData\Microsoft\Windows Defender\Definition Updates\Default\mpengine.dll+2e59a5|C:\ProgramData\Microsoft\Windows Defender\Definition Updates\Default\mpengine.dll+2e1b06|C:\ProgramData\Microsoft\Windows Defender\Definition Updates\Default\mpengine.dll+2c9cba|C:\ProgramData\Microsoft\Windows Defender\Definition Updates\Default\mpengine.dll+2eb335|C:\ProgramData\Microsoft\Windows Defender\Definition Updates\Default\mpengine.dll+2b8991</Data></EventData></Event>
<Event xmlns='http://schemas.microsoft.com/win/2004/08/events/event'><System><Provider Name='Microsoft-Windows-Sysmon' Guid='{5770385f-c22a-43e0-bf4c-06f5698ffbd9}'/><EventID>10</EventID><Version>3</Version><Level>4</Level><Task>10</Task><Opcode>0</Opcode><Keywords>0x8000000000000000</Keywords><TimeCreated SystemTime='2021-09-30T14:34:11.2737461Z'/><EventRecordID>1730028</EventRecordID><Correlation/><Execution ProcessID='3064' ThreadID='3712'/><Channel>Microsoft-Windows-Sysmon/Operational</Channel><Computer>DESKTOP-FPVDM4B</Computer><Security UserID='S-1-5-18'/></System><EventData><Data Name='RuleName'>-</Data><Data Name='UtcTime'>2021-09-30 14:34:11.262</Data><Data Name='SourceProcessGUID'>{de1f7a01-cacf-6155-0600-000000000600}</Data><Data Name='SourceProcessId'>444</Data><Data Name='SourceThreadId'>460</Data><Data Name='SourceImage'>C:\Windows\system32\csrss.exe</Data><Data Name='TargetProcessGUID'>{de1f7a01-cae3-6155-5e00-000000000600}</Data><Data Name='TargetProcessId'>4876</Data><Data Name='TargetImage'>C:\Windows\system32\svchost.exe</Data><Data Name='GrantedAccess'>0x1fffff</Data><Data Name='CallTrace'>C:\Windows\SYSTEM32\ntdll.dll+9d1e4|C:\Windows\system32\basesrv.DLL+326f|C:\Windows\SYSTEM32\CSRSRV.dll+6490|C:\Windows\SYSTEM32\ntdll.dll+5265f</Data></EventData></Event>
<Event xmlns='http://schemas.microsoft.com/win/2004/08/events/event'><System><Provider Name='Microsoft-Windows-Sysmon' Guid='{5770385f-c22a-43e0-bf4c-06f5698ffbd9}'/><EventID>12</EventID><Version>2</Version><Level>4</Level><Task>12</Task><Opcode>0</Opcode><Keywords>0x8000000000000000</Keywords><TimeCreated SystemTime='2021-09-30T14:34:11.2737968Z'/><EventRecordID>1730029</EventRecordID><Correlation/><Execution ProcessID='3064' ThreadID='3712'/><Channel>Microsoft-Windows-Sysmon/Operational</Channel><Computer>DESKTOP-FPVDM4B</Computer><Security UserID='S-1-5-18'/></System><EventData><Data Name='RuleName'>-</Data><Data Name='EventType'>CreateKey</Data><Data Name='UtcTime'>2021-09-30 14:34:11.262</Data><Data Name='ProcessGuid'>{de1f7a01-cad4-6155-4200-000000000600}</Data><Data Name='ProcessId'>3064</Data><Data Name='Image'>C:\Windows\Sysmon64.exe</Data><Data Name='TargetObject'>HKU\.DEFAULT\Software\Microsoft\Windows\CurrentVersion\WinTrust\Trust Providers\Software Publishing</Data></EventData></Event>
<Event xmlns='http://schemas.microsoft.com/win/2004/08/events/event'><System><Provider Name='Microsoft-Windows-Sysmon' Guid='{5770385f-c22a-43e0-bf4c-06f5698ffbd9}'/><EventID>12</EventID><Version>2</Version><Level>4</Level><Task>12</Task><Opcode>0</Opcode><Keywords>0x8000000000000000</Keywords><TimeCreated SystemTime='2021-09-30T14:34:11.2749887Z'/><EventRecordID>1730030</EventRecordID><Correlation/><Execution ProcessID='3064' ThreadID='3712'/><Channel>Microsoft-Windows-Sysmon/Operational</Channel><Computer>DESKTOP-FPVDM4B</Computer><Security UserID='S-1-5-18'/></System><EventData><Data Name='RuleName'>-</Data><Data Name='EventType'>CreateKey</Data><Data Name='UtcTime'>2021-09-30 14:34:11.262</Data><Data Name='ProcessGuid'>{de1f7a01-cad4-6155-4200-000000000600}</Data><Data Name='ProcessId'>3064</Data><Data Name='Image'>C:\Windows\Sysmon64.exe</Data><Data Name='TargetObject'>HKU\.DEFAULT\Software\Microsoft\Windows\CurrentVersion\WinTrust\Trust Providers\Software Publishing</Data></EventData></Event>
<Event xmlns='http://schemas.microsoft.com/win/2004/08/events/event'><System><Provider Name='Microsoft-Windows-Sysmon' Guid='{5770385f-c22a-43e0-bf4c-06f5698ffbd9}'/><EventID>7</EventID><Version>3</Version><Level>4</Level><Task>7</Task><Opcode>0</Opcode><Keywords>0x8000000000000000</Keywords><TimeCreated SystemTime='2021-09-30T14:34:11.2764127Z'/><EventRecordID>1730031</EventRecordID><Correlation/><Execution ProcessID='3064' ThreadID='3712'/><Channel>Microsoft-Windows-Sysmon/Operational</Channel><Computer>DESKTOP-FPVDM4B</Computer><Security UserID='S-1-5-18'/></System><EventData><Data Name='RuleName'>-</Data><Data Name='UtcTime'>2021-09-30 14:34:11.262</Data><Data Name='ProcessGuid'>{de1f7a01-cae3-6155-5e00-000000000600}</Data><Data Name='ProcessId'>4876</Data><Data Name='Image'>C:\Windows\System32\svchost.exe</Data><Data Name='ImageLoaded'>C:\Windows\System32\svchost.exe</Data><Data Name='FileVersion'>10.0.19041.546 (WinBuild.160101.0800)</Data><Data Name='Description'>Host Process for Windows Services</Data><Data Name='Product'>Microsoft® Windows® Operating System</Data><Data Name='Company'>Microsoft Corporation</Data><Data Name='OriginalFileName'>svchost.exe</Data><Data Name='Hashes'>MD5=F586835082F632DC8D9404D83BC16316,SHA256=643EC58E82E0272C97C2A59F6020970D881AF19C0AD5029DB9C958C13B6558C7</Data><Data Name='Signed'>true</Data><Data Name='Signature'>Microsoft Windows Publisher</Data><Data Name='SignatureStatus'>Valid</Data></EventData></Event>
<Event xmlns='http://schemas.microsoft.com/win/2004/08/events/event'><System><Provider Name='Microsoft-Windows-Sysmon' Guid='{5770385f-c22a-43e0-bf4c-06f5698ffbd9}'/><EventID>10</EventID><Version>3</Version><Level>4</Level><Task>10</Task><Opcode>0</Opcode><Keywords>0x8000000000000000</Keywords><TimeCreated SystemTime='2021-09-30T14:34:11.2766031Z'/><EventRecordID>1730032</EventRecordID><Correlation/><Execution ProcessID='3064' ThreadID='3712'/><Channel>Microsoft-Windows-Sysmon/Operational</Channel><Computer>DESKTOP-FPVDM4B</Computer><Security UserID='S-1-5-18'/></System><EventData><Data Name='RuleName'>-</Data><Data Name='UtcTime'>2021-09-30 14:34:11.275</Data><Data Name='SourceProcessGUID'>{de1f7a01-cad4-6155-4600-000000000600}</Data><Data Name='SourceProcessId'>2192</Data><Data Name='SourceThreadId'>3416</Data><Data Name='SourceImage'>C:\Program Files\Windows Defender\MsMpEng.exe</Data><Data Name='TargetProcessGUID'>{de1f7a01-cae3-6155-5e00-000000000600}</Data><Data Name='TargetProcessId'>4876</Data><Data Name='TargetImage'>C:\Windows\system32\svchost.exe</Data><Data Name='GrantedAccess'>0x101000</Data><Data Name='CallTrace'>C:\Windows\SYSTEM32\ntdll.dll+9d1e4|C:\Windows\System32\KERNELBASE.dll+2bcbe|C:\ProgramData\Microsoft\Windows Defender\Definition Updates\Default\mpengine.dll+489480|C:\ProgramData\Microsoft\Windows Defender\Definition Updates\Default\mpengine.dll+489254|C:\ProgramData\Microsoft\Windows Defender\Definition Updates\Default\mpengine.dll+48aa2b|C:\ProgramData\Microsoft\Windows Defender\Definition Updates\Default\mpengine.dll+58f65d|C:\ProgramData\Microsoft\Windows Defender\Definition Updates\Default\mpengine.dll+5c80f6|C:\ProgramData\Microsoft\Windows Defender\Definition Updates\Default\mpengine.dll+5c399b|C:\ProgramData\Microsoft\Windows Defender\Definition Updates\Default\mpengine.dll+5c37a4|C:\ProgramData\Microsoft\Windows Defender\Definition Updates\Default\mpengine.dll+5c3711|C:\ProgramData\Microsoft\Windows Defender\Definition Updates\Default\mpengine.dll+2b8add|C:\ProgramData\Microsoft\Windows Defender\Definition Updates\Default\mpengine.dll+2b65c3|C:\ProgramData\Microsoft\Windows Defender\Definition Updates\Default\mpengine.dll+2b7212|C:\ProgramData\Microsoft\Windows Defender\Definition Updates\Default\mpengine.dll+2b682f|C:\ProgramData\Microsoft\Windows Defender\Definition Updates\Default\mpengine.dll+2e6883|C:\ProgramData\Microsoft\Windows Defender\Definition Updates\Default\mpengine.dll+362f02|C:\Windows\SYSTEM32\ntdll.dll+62150|C:\Windows\SYSTEM32\ntdll.dll+5315a|C:\Windows\System32\KERNEL32.DLL+17034|C:\Windows\SYSTEM32\ntdll.dll+52651</Data></EventData></Event>
<Event xmlns='http://schemas.microsoft.com/win/2004/08/events/event'><System><Provider Name='Microsoft-Windows-Sysmon' Guid='{5770385f-c22a-43e0-bf4c-06f5698ffbd9}'/><EventID>7</EventID><Version>3</Version><Level>4</Level><Task>7</Task><Opcode>0</Opcode><Keywords>0x8000000000000000</Keywords><TimeCreated SystemTime='2021-09-30T14:34:11.2771407Z'/><EventRecordID>1730033</EventRecordID><Correlation/><Execution ProcessID='3064' ThreadID='3712'/><Channel>Microsoft-Windows-Sysmon/Operational</Channel><Computer>DESKTOP-FPVDM4B</Computer><Security UserID='S-1-5-18'/></System><EventData><Data Name='RuleName'>-</Data><Data Name='UtcTime'>2021-09-30 14:34:11.276</Data><Data Name='ProcessGuid'>{de1f7a01-cae3-6155-5e00-000000000600}</Data><Data Name='ProcessId'>4876</Data><Data Name='Image'>C:\Windows\System32\svchost.exe</Data><Data Name='ImageLoaded'>C:\Windows\System32\ntdll.dll</Data><Data Name='FileVersion'>10.0.19041.928 (WinBuild.160101.0800)</Data><Data Name='Description'>NT Layer DLL</Data><Data Name='Product'>Microsoft® Windows® Operating System</Data><Data Name='Company'>Microsoft Corporation</Data><Data Name='OriginalFileName'>ntdll.dll</Data><Data Name='Hashes'>MD5=FB47B39CB0EAE03EFF3CE6EDEEF94311,SHA256=22E6B7D78CA9B1C2BD20AE08D430BFB5BBA658E1744B33D500083E12B3948842</Data><Data Name='Signed'>true</Data><Data Name='Signature'>Microsoft Windows</Data><Data Name='SignatureStatus'>Valid</Data></EventData></Event>
<Event xmlns='http://schemas.microsoft.com/win/2004/08/events/event'><System><Provider Name='Microsoft-Windows-Sysmon' Guid='{5770385f-c22a-43e0-bf4c-06f5698ffbd9}'/><EventID>7</EventID><Version>3</Version><Level>4</Level><Task>7</Task><Opcode>0</Opcode><Keywords>0x8000000000000000</Keywords><TimeCreated SystemTime='2021-09-30T14:34:11.2795181Z'/><EventRecordID>1730034</EventRecordID><Correlation/><Execution ProcessID='3064' ThreadID='3712'/><Channel>Microsoft-Windows-Sysmon/Operational</Channel><Computer>DESKTOP-FPVDM4B</Computer><Security UserID='S-1-5-18'/></System><EventData><Data Name='RuleName'>-</Data><Data Name='UtcTime'>2021-09-30 14:34:11.276</Data><Data Name='ProcessGuid'>{de1f7a01-cae3-6155-5e00-000000000600}</Data><Data Name='ProcessId'>4876</Data><Data Name='Image'>C:\Windows\System32\svchost.exe</Data><Data Name='ImageLoaded'>C:\Windows\System32\kernel32.dll</Data><Data Name='FileVersion'>10.0.19041.928 (WinBuild.160101.0800)</Data><Data Name='Description'>Windows NT BASE API Client DLL</Data><Data Name='Product'>Microsoft® Windows® Operating System</Data><Data Name='Company'>Microsoft Corporation</Data><Data Name='OriginalFileName'>kernel32</Data><Data Name='Hashes'>MD5=C52F5F77ADA50026FE0FDD1182F55EA4,SHA256=1A22C426443019854B173974DC8B502CC9D42EF8CA6CABBDD4269053D44DAFD0</Data><Data Name='Signed'>true</Data><Data Name='Signature'>Microsoft Windows</Data><Data Name='SignatureStatus'>Valid</Data></EventData></Event>
<Event xmlns='http://schemas.microsoft.com/win/2004/08/events/event'><System><Provider Name='Microsoft-Windows-Sysmon' Guid='{5770385f-c22a-43e0-bf4c-06f5698ffbd9}'/><EventID>7</EventID><Version>3</Version><Level>4</Level><Task>7</Task><Opcode>0</Opcode><Keywords>0x8000000000000000</Keywords><TimeCreated SystemTime='2021-09-30T14:34:11.2805477Z'/><EventRecordID>1730035</EventRecordID><Correlation/><Execution ProcessID='3064' ThreadID='3712'/><Channel>Microsoft-Windows-Sysmon/Operational</Channel><Computer>DESKTOP-FPVDM4B</Computer><Security UserID='S-1-5-18'/></System><EventData><Data Name='RuleName'>-</Data><Data Name='UtcTime'>2021-09-30 14:34:11.276</Data><Data Name='ProcessGuid'>{de1f7a01-cae3-6155-5e00-000000000600}</Data><Data Name='ProcessId'>4876</Data><Data Name='Image'>C:\Windows\System32\svchost.exe</Data><Data Name='ImageLoaded'>C:\Windows\System32\KernelBase.dll</Data><Data Name='FileVersion'>10.0.19041.906 (WinBuild.160101.0800)</Data><Data Name='Description'>Windows NT BASE API Client DLL</Data><Data Name='Product'>Microsoft® Windows® Operating System</Data><Data Name='Company'>Microsoft Corporation</Data><Data Name='OriginalFileName'>Kernelbase.dll</Data><Data Name='Hashes'>MD5=310C11767BB5C276FAAE0B249A90369D,SHA256=D75F55E0301AC7D0C9EBF8A766403A53895F54B610E45F0075DF87A92E389E61</Data><Data Name='Signed'>true</Data><Data Name='Signature'>Microsoft Windows</Data><Data Name='SignatureStatus'>Valid</Data></EventData></Event>
<Event xmlns='http://schemas.microsoft.com/win/2004/08/events/event'><System><Provider Name='Microsoft-Windows-Sysmon' Guid='{5770385f-c22a-43e0-bf4c-06f5698ffbd9}'/><EventID>7</EventID><Version>3</Version><Level>4</Level><Task>7</Task><Opcode>0</Opcode><Keywords>0x8000000000000000</Keywords><TimeCreated SystemTime='2021-09-30T14:34:11.2834337Z'/><EventRecordID>1730036</EventRecordID><Correlation/><Execution ProcessID='3064' ThreadID='3712'/><Channel>Microsoft-Windows-Sysmon/Operational</Channel><Computer>DESKTOP-FPVDM4B</Computer><Security UserID='S-1-5-18'/></System><EventData><Data Name='RuleName'>-</Data><Data Name='UtcTime'>2021-09-30 14:34:11.276</Data><Data Name='ProcessGuid'>{de1f7a01-cae3-6155-5e00-000000000600}</Data><Data Name='ProcessId'>4876</Data><Data Name='Image'>C:\Windows\System32\svchost.exe</Data><Data Name='ImageLoaded'>C:\Windows\System32\sechost.dll</Data><Data Name='FileVersion'>10.0.19041.906 (WinBuild.160101.0800)</Data><Data Name='Description'>Host for SCM/SDDL/LSA Lookup APIs</Data><Data Name='Product'>Microsoft® Windows® Operating System</Data><Data Name='Company'>Microsoft Corporation</Data><Data Name='OriginalFileName'>sechost.dll</Data><Data Name='Hashes'>MD5=E127FCE942C28931DED1442A1F2E84BB,SHA256=F900DE6143D808A03584075417940C5D42BCF612811A19129059A696BE8645D7</Data><Data Name='Signed'>true</Data><Data Name='Signature'>Microsoft Windows</Data><Data Name='SignatureStatus'>Valid</Data></EventData></Event>
<Event xmlns='http://schemas.microsoft.com/win/2004/08/events/event'><System><Provider Name='Microsoft-Windows-Sysmon' Guid='{5770385f-c22a-43e0-bf4c-06f5698ffbd9}'/><EventID>7</EventID><Version>3</Version><Level>4</Level><Task>7</Task><Opcode>0</Opcode><Keywords>0x8000000000000000</Keywords><TimeCreated SystemTime='2021-09-30T14:34:11.2842688Z'/><EventRecordID>1730037</EventRecordID><Correlation/><Execution ProcessID='3064' ThreadID='3712'/><Channel>Microsoft-Windows-Sysmon/Operational</Channel><Computer>DESKTOP-FPVDM4B</Computer><Security UserID='S-1-5-18'/></System><EventData><Data Name='RuleName'>-</Data><Data Name='UtcTime'>2021-09-30 14:34:11.276</Data><Data Name='ProcessGuid'>{de1f7a01-cae3-6155-5e00-000000000600}</Data><Data Name='ProcessId'>4876</Data><Data Name='Image'>C:\Windows\System32\svchost.exe</Data><Data Name='ImageLoaded'>C:\Windows\System32\rpcrt4.dll</Data><Data Name='FileVersion'>10.0.19041.928 (WinBuild.160101.0800)</Data><Data Name='Description'>Remote Procedure Call Runtime</Data><Data Name='Product'>Microsoft® Windows® Operating System</Data><Data Name='Company'>Microsoft Corporation</Data><Data Name='OriginalFileName'>rpcrt4.dll</Data><Data Name='Hashes'>MD5=92D58D3817A49491FAA42597A0DA9AF2,SHA256=F9FA9D060F923D4799F4A906CA81E9C06393AB6E58023C0E1DF6DF5270A3528D</Data><Data Name='Signed'>true</Data><Data Name='Signature'>Microsoft Windows</Data><Data Name='SignatureStatus'>Valid</Data></EventData></Event>
<Event xmlns='http://schemas.microsoft.com/win/2004/08/events/event'><System><Provider Name='Microsoft-Windows-Sysmon' Guid='{5770385f-c22a-43e0-bf4c-06f5698ffbd9}'/><EventID>7</EventID><Version>3</Version><Level>4</Level><Task>7</Task><Opcode>0</Opcode><Keywords>0x8000000000000000</Keywords><TimeCreated SystemTime='2021-09-30T14:34:11.2853320Z'/><EventRecordID>1730038</EventRecordID><Correlation/><Execution ProcessID='3064' ThreadID='3712'/><Channel>Microsoft-Windows-Sysmon/Operational</Channel><Computer>DESKTOP-FPVDM4B</Computer><Security UserID='S-1-5-18'/></System><EventData><Data Name='RuleName'>-</Data><Data Name='UtcTime'>2021-09-30 14:34:11.276</Data><Data Name='ProcessGuid'>{de1f7a01-cae3-6155-5e00-000000000600}</Data><Data Name='ProcessId'>4876</Data><Data Name='Image'>C:\Windows\System32\svchost.exe</Data><Data Name='ImageLoaded'>C:\Windows\System32\ucrtbase.dll</Data><Data Name='FileVersion'>10.0.19041.789 (WinBuild.160101.0800)</Data><Data Name='Description'>Microsoft® C Runtime Library</Data><Data Name='Product'>Microsoft® Windows® Operating System</Data><Data Name='Company'>Microsoft Corporation</Data><Data Name='OriginalFileName'>ucrtbase.dll</Data><Data Name='Hashes'>MD5=2C8FE06966D5085A595FFA3C98FE3098,SHA256=DE8D08D01291DF93821314176381F3D1AE863E6C5584A7F8EA42F0B94B15EF65</Data><Data Name='Signed'>true</Data><Data Name='Signature'>Microsoft Windows</Data><Data Name='SignatureStatus'>Valid</Data></EventData></Event>
<Event xmlns='http://schemas.microsoft.com/win/2004/08/events/event'><System><Provider Name='Microsoft-Windows-Sysmon' Guid='{5770385f-c22a-43e0-bf4c-06f5698ffbd9}'/><EventID>7</EventID><Version>3</Version><Level>4</Level><Task>7</Task><Opcode>0</Opcode><Keywords>0x8000000000000000</Keywords><TimeCreated SystemTime='2021-09-30T14:34:11.2880874Z'/><EventRecordID>1730039</EventRecordID><Correlation/><Execution ProcessID='3064' ThreadID='3712'/><Channel>Microsoft-Windows-Sysmon/Operational</Channel><Computer>DESKTOP-FPVDM4B</Computer><Security UserID='S-1-5-18'/></System><EventData><Data Name='RuleName'>-</Data><Data Name='UtcTime'>2021-09-30 14:34:11.276</Data><Data Name='ProcessGuid'>{de1f7a01-cae3-6155-5e00-000000000600}</Data><Data Name='ProcessId'>4876</Data><Data Name='Image'>C:\Windows\System32\svchost.exe</Data><Data Name='ImageLoaded'>C:\Windows\System32\combase.dll</Data><Data Name='FileVersion'>10.0.19041.928 (WinBuild.160101.0800)</Data><Data Name='Description'>Microsoft COM for Windows</Data><Data Name='Product'>Microsoft® Windows® Operating System</Data><Data Name='Company'>Microsoft Corporation</Data><Data Name='OriginalFileName'>COMBASE.DLL</Data><Data Name='Hashes'>MD5=46EB9CFAFC722427584FFDF4919DAC97,SHA256=792BECA858D764F3BE4A0F7C34A42C68AE2D4A491A6A09FC21B4C852B689ABCF</Data><Data Name='Signed'>true</Data><Data Name='Signature'>Microsoft Windows</Data><Data Name='SignatureStatus'>Valid</Data></EventData></Event>
<Event xmlns='http://schemas.microsoft.com/win/2004/08/events/event'><System><Provider Name='Microsoft-Windows-Sysmon' Guid='{5770385f-c22a-43e0-bf4c-06f5698ffbd9}'/><EventID>10</EventID><Version>3</Version><Level>4</Level><Task>10</Task><Opcode>0</Opcode><Keywords>0x8000000000000000</Keywords><TimeCreated SystemTime='2021-09-30T14:34:11.2923337Z'/><EventRecordID>1730040</EventRecordID><Correlation/><Execution ProcessID='3064' ThreadID='3712'/><Channel>Microsoft-Windows-Sysmon/Operational</Channel><Computer>DESKTOP-FPVDM4B</Computer><Security UserID='S-1-5-18'/></System><EventData><Data Name='RuleName'>-</Data><Data Name='UtcTime'>2021-09-30 14:34:11.276</Data><Data Name='SourceProcessGUID'>{de1f7a01-cad9-6155-5200-000000000600}</Data><Data Name='SourceProcessId'>2292</Data><Data Name='SourceThreadId'>4844</Data><Data Name='SourceImage'>C:\Windows\system32\svchost.exe</Data><Data Name='TargetProcessGUID'>{de1f7a01-cad0-6155-1100-000000000600}</Data><Data Name='TargetProcessId'>980</Data><Data Name='TargetImage'>C:\Windows\system32\svchost.exe</Data><Data Name='GrantedAccess'>0x1000</Data><Data Name='CallTrace'>C:\Windows\SYSTEM32\ntdll.dll+9ddf4|C:\Windows\System32\RPCRT4.dll+3b8a4|C:\Windows\System32\combase.dll+c851c|c:\windows\system32\windows.staterepository.dll+2bbab|c:\windows\system32\windows.staterepository.dll+a9de|C:\Windows\System32\RPCRT4.dll+7a0e3|C:\Windows\System32\RPCRT4.dll+e21cb|C:\Windows\System32\RPCRT4.dll+1b369|C:\Windows\System32\combase.dll+b9d3c|C:\Windows\System32\RPCRT4.dll+5b71b|C:\Windows\System32\combase.dll+81173|C:\Windows\System32\combase.dll+80efe|C:\Windows\System32\combase.dll+be236|C:\Windows\System32\combase.dll+5a283|C:\Windows\System32\combase.dll+b633d|C:\Windows\System32\combase.dll+26aa6|C:\Windows\System32\combase.dll+f8454|C:\Windows\System32\combase.dll+28a69|C:\Windows\System32\RPCRT4.dll+57838|C:\Windows\System32\RPCRT4.dll+39e06|C:\Windows\System32\RPCRT4.dll+39a36|C:\Windows\System32\RPCRT4.dll+47dbf|C:\Windows\System32\RPCRT4.dll+47378|C:\Windows\System32\RPCRT4.dll+46961</Data></EventData></Event>
<Event xmlns='http://schemas.microsoft.com/win/2004/08/events/event'><System><Provider Name='Microsoft-Windows-Sysmon' Guid='{5770385f-c22a-43e0-bf4c-06f5698ffbd9}'/><EventID>7</EventID><Version>3</Version><Level>4</Level><Task>7</Task><Opcode>0</Opcode><Keywords>0x8000000000000000</Keywords><TimeCreated SystemTime='2021-09-30T14:34:11.2928277Z'/><EventRecordID>1730041</EventRecordID><Correlation/><Execution ProcessID='3064' ThreadID='3712'/><Channel>Microsoft-Windows-Sysmon/Operational</Channel><Computer>DESKTOP-FPVDM4B</Computer><Security UserID='S-1-5-18'/></System><EventData><Data Name='RuleName'>-</Data><Data Name='UtcTime'>2021-09-30 14:34:11.276</Data><Data Name='ProcessGuid'>{de1f7a01-cae3-6155-5e00-000000000600}</Data><Data Name='ProcessId'>4876</Data><Data Name='Image'>C:\Windows\System32\svchost.exe</Data><Data Name='ImageLoaded'>C:\Windows\System32\kernel.appcore.dll</Data><Data Name='FileVersion'>10.0.19041.546 (WinBuild.160101.0800)</Data><Data Name='Description'>AppModel API Host</Data><Data Name='Product'>Microsoft® Windows® Operating System</Data><Data Name='Company'>Microsoft Corporation</Data><Data Name='OriginalFileName'>kernel.appcore.dll</Data><Data Name='Hashes'>MD5=AF68FDDB20DF61ECE812B542176949E4,SHA256=7D6C60195DFB05EEC27377AE25D9AD259D7FDF85FA71D2AA855FD4129C2AADC2</Data><Data Name='Signed'>true</Data><Data Name='Signature'>Microsoft Windows</Data><Data Name='SignatureStatus'>Valid</Data></EventData></Event>
<Event xmlns='http://schemas.microsoft.com/win/2004/08/events/event'><System><Provider Name='Microsoft-Windows-Sysmon' Guid='{5770385f-c22a-43e0-bf4c-06f5698ffbd9}'/><EventID>7</EventID><Version>3</Version><Level>4</Level><Task>7</Task><Opcode>0</Opcode><Keywords>0x8000000000000000</Keywords><TimeCreated SystemTime='2021-09-30T14:34:11.2941019Z'/><EventRecordID>1730042</EventRecordID><Correlation/><Execution ProcessID='3064' ThreadID='3712'/><Channel>Microsoft-Windows-Sysmon/Operational</Channel><Computer>DESKTOP-FPVDM4B</Computer><Security UserID='S-1-5-18'/></System><EventData><Data Name='RuleName'>-</Data><Data Name='UtcTime'>2021-09-30 14:34:11.292</Data><Data Name='ProcessGuid'>{de1f7a01-cae3-6155-5e00-000000000600}</Data><Data Name='ProcessId'>4876</Data><Data Name='Image'>C:\Windows\System32\svchost.exe</Data><Data Name='ImageLoaded'>C:\Windows\System32\msvcrt.dll</Data><Data Name='FileVersion'>7.0.19041.546 (WinBuild.160101.0800)</Data><Data Name='Description'>Windows NT CRT DLL</Data><Data Name='Product'>Microsoft® Windows® Operating System</Data><Data Name='Company'>Microsoft Corporation</Data><Data Name='OriginalFileName'>msvcrt.dll</Data><Data Name='Hashes'>MD5=A4F2D5942FB447CD48A5CEE414983E85,SHA256=DD7C8BC34CDBE30EF921395E874909BBF6BE53803822164F75F7207E9F085650</Data><Data Name='Signed'>true</Data><Data Name='Signature'>Microsoft Windows</Data><Data Name='SignatureStatus'>Valid</Data></EventData></Event>
<Event xmlns='http://schemas.microsoft.com/win/2004/08/events/event'><System><Provider Name='Microsoft-Windows-Sysmon' Guid='{5770385f-c22a-43e0-bf4c-06f5698ffbd9}'/><EventID>7</EventID><Version>3</Version><Level>4</Level><Task>7</Task><Opcode>0</Opcode><Keywords>0x8000000000000000</Keywords><TimeCreated SystemTime='2021-09-30T14:34:11.2960514Z'/><EventRecordID>1730043</EventRecordID><Correlation/><Execution ProcessID='3064' ThreadID='3712'/><Channel>Microsoft-Windows-Sysmon/Operational</Channel><Computer>DESKTOP-FPVDM4B</Computer><Security UserID='S-1-5-18'/></System><EventData><Data Name='RuleName'>-</Data><Data Name='UtcTime'>2021-09-30 14:34:11.292</Data><Data Name='ProcessGuid'>{de1f7a01-cae3-6155-5e00-000000000600}</Data><Data Name='ProcessId'>4876</Data><Data Name='Image'>C:\Windows\System32\svchost.exe</Data><Data Name='ImageLoaded'>C:\Windows\System32\bcryptprimitives.dll</Data><Data Name='FileVersion'>10.0.19041.662 (WinBuild.160101.0800)</Data><Data Name='Description'>Windows Cryptographic Primitives Library</Data><Data Name='Product'>Microsoft® Windows® Operating System</Data><Data Name='Company'>Microsoft Corporation</Data><Data Name='OriginalFileName'>bcryptprimitives.dll</Data><Data Name='Hashes'>MD5=543EC4F568FB3838E6067B410DCB27FC,SHA256=16D88FA1450CB10EE95CA57F0CFB20CB58752467C9447F5A735CF403A500AF61</Data><Data Name='Signed'>true</Data><Data Name='Signature'>Microsoft Windows</Data><Data Name='SignatureStatus'>Valid</Data></EventData></Event>
<Event xmlns='http://schemas.microsoft.com/win/2004/08/events/event'><System><Provider Name='Microsoft-Windows-Sysmon' Guid='{5770385f-c22a-43e0-bf4c-06f5698ffbd9}'/><EventID>12</EventID><Version>2</Version><Level>4</Level><Task>12</Task><Opcode>0</Opcode><Keywords>0x8000000000000000</Keywords><TimeCreated SystemTime='2021-09-30T14:34:11.2972350Z'/><EventRecordID>1730044</EventRecordID><Correlation/><Execution ProcessID='3064' ThreadID='3712'/><Channel>Microsoft-Windows-Sysmon/Operational</Channel><Computer>DESKTOP-FPVDM4B</Computer><Security UserID='S-1-5-18'/></System><EventData><Data Name='RuleName'>-</Data><Data Name='EventType'>CreateKey</Data><Data Name='UtcTime'>2021-09-30 14:34:11.292</Data><Data Name='ProcessGuid'>{de1f7a01-cad4-6155-4200-000000000600}</Data><Data Name='ProcessId'>3064</Data><Data Name='Image'>C:\Windows\Sysmon64.exe</Data><Data Name='TargetObject'>HKU\.DEFAULT\Software\Microsoft\Windows\CurrentVersion\WinTrust\Trust Providers\Software Publishing</Data></EventData></Event>
<Event xmlns='http://schemas.microsoft.com/win/2004/08/events/event'><System><Provider Name='Microsoft-Windows-Sysmon' Guid='{5770385f-c22a-43e0-bf4c-06f5698ffbd9}'/><EventID>10</EventID><Version>3</Version><Level>4</Level><Task>10</Task><Opcode>0</Opcode><Keywords>0x8000000000000000</Keywords><TimeCreated SystemTime='2021-09-30T14:34:11.2974998Z'/><EventRecordID>1730045</EventRecordID><Correlation/><Execution ProcessID='3064' ThreadID='3712'/><Channel>Microsoft-Windows-Sysmon/Operational</Channel><Computer>DESKTOP-FPVDM4B</Computer><Security UserID='S-1-5-18'/></System><EventData><Data Name='RuleName'>-</Data><Data Name='UtcTime'>2021-09-30 14:34:11.292</Data><Data Name='SourceProcessGUID'>{de1f7a01-cad9-6155-5200-000000000600}</Data><Data Name='SourceProcessId'>2292</Data><Data Name='SourceThreadId'>4844</Data><Data Name='SourceImage'>C:\Windows\system32\svchost.exe</Data><Data Name='TargetProcessGUID'>{de1f7a01-cad0-6155-1000-000000000600}</Data><Data Name='TargetProcessId'>932</Data><Data Name='TargetImage'>C:\Windows\system32\svchost.exe</Data><Data Name='GrantedAccess'>0x1000</Data><Data Name='CallTrace'>C:\Windows\SYSTEM32\ntdll.dll+9ddf4|C:\Windows\System32\RPCRT4.dll+3b8a4|C:\Windows\System32\combase.dll+c851c|c:\windows\system32\windows.staterepository.dll+2bbab|c:\windows\system32\windows.staterepository.dll+584c2|c:\windows\system32\windows.staterepository.dll+5840b|c:\windows\system32\windows.staterepository.dll+58322|c:\windows\system32\windows.staterepository.dll+2f11e|C:\Windows\System32\combase.dll+57d29|C:\Windows\System32\combase.dll+506bd|C:\Windows\System32\combase.dll+502da|C:\Windows\System32\RPCRT4.dll+7a0e3|C:\Windows\System32\RPCRT4.dll+1c468|C:\Windows\System32\RPCRT4.dll+1b384|C:\Windows\System32\combase.dll+b9d20|C:\Windows\System32\combase.dll+81173|C:\Windows\System32\combase.dll+80efe|C:\Windows\System32\combase.dll+be236|C:\Windows\System32\combase.dll+5a283|C:\Windows\System32\combase.dll+b633d|C:\Windows\System32\combase.dll+26aa6|C:\Windows\System32\combase.dll+f8454|C:\Windows\System32\combase.dll+28a69|C:\Windows\System32\RPCRT4.dll+57838</Data></EventData></Event>
<Event xmlns='http://schemas.microsoft.com/win/2004/08/events/event'><System><Provider Name='Microsoft-Windows-Sysmon' Guid='{5770385f-c22a-43e0-bf4c-06f5698ffbd9}'/><EventID>7</EventID><Version>3</Version><Level>4</Level><Task>7</Task><Opcode>0</Opcode><Keywords>0x8000000000000000</Keywords><TimeCreated SystemTime='2021-09-30T14:34:11.2982430Z'/><EventRecordID>1730046</EventRecordID><Correlation/><Execution ProcessID='3064' ThreadID='3712'/><Channel>Microsoft-Windows-Sysmon/Operational</Channel><Computer>DESKTOP-FPVDM4B</Computer><Security UserID='S-1-5-18'/></System><EventData><Data Name='RuleName'>-</Data><Data Name='UtcTime'>2021-09-30 14:34:11.292</Data><Data Name='ProcessGuid'>{de1f7a01-cae3-6155-5e00-000000000600}</Data><Data Name='ProcessId'>4876</Data><Data Name='Image'>C:\Windows\System32\svchost.exe</Data><Data Name='ImageLoaded'>C:\Windows\System32\user32.dll</Data><Data Name='FileVersion'>10.0.19041.906 (WinBuild.160101.0800)</Data><Data Name='Description'>Multi-User Windows USER API Client DLL</Data><Data Name='Product'>Microsoft® Windows® Operating System</Data><Data Name='Company'>Microsoft Corporation</Data><Data Name='OriginalFileName'>user32</Data><Data Name='Hashes'>MD5=A344B6C6304FCD7DAE72DACA784EE53C,SHA256=8BD5191AD142A6E9F9648434FBBB14B0E2FF2FD7CF445D90F0791CBFC2D23805</Data><Data Name='Signed'>true</Data><Data Name='Signature'>Microsoft Windows</Data><Data Name='SignatureStatus'>Valid</Data></EventData></Event>
<Event xmlns='http://schemas.microsoft.com/win/2004/08/events/event'><System><Provider Name='Microsoft-Windows-Sysmon' Guid='{5770385f-c22a-43e0-bf4c-06f5698ffbd9}'/><EventID>7</EventID><Version>3</Version><Level>4</Level><Task>7</Task><Opcode>0</Opcode><Keywords>0x8000000000000000</Keywords><TimeCreated SystemTime='2021-09-30T14:34:11.2990411Z'/><EventRecordID>1730047</EventRecordID><Correlation/><Execution ProcessID='3064' ThreadID='3712'/><Channel>Microsoft-Windows-Sysmon/Operational</Channel><Computer>DESKTOP-FPVDM4B</Computer><Security UserID='S-1-5-18'/></System><EventData><Data Name='RuleName'>-</Data><Data Name='UtcTime'>2021-09-30 14:34:11.292</Data><Data Name='ProcessGuid'>{de1f7a01-cae3-6155-5e00-000000000600}</Data><Data Name='ProcessId'>4876</Data><Data Name='Image'>C:\Windows\System32\svchost.exe</Data><Data Name='ImageLoaded'>C:\Windows\System32\win32u.dll</Data><Data Name='FileVersion'>10.0.19041.906 (WinBuild.160101.0800)</Data><Data Name='Description'>Win32u</Data><Data Name='Product'>Microsoft® Windows® Operating System</Data><Data Name='Company'>Microsoft Corporation</Data><Data Name='OriginalFileName'>Win32u.DLL</Data><Data Name='Hashes'>MD5=35880659E9EBFC5DFCDD9153C6A27A29,SHA256=A2C00D58DF4E98FF3B5BFE01A76388029769B46B1E8737399CEE078D8D3829C0</Data><Data Name='Signed'>true</Data><Data Name='Signature'>Microsoft Windows</Data><Data Name='SignatureStatus'>Valid</Data></EventData></Event>
<Event xmlns='http://schemas.microsoft.com/win/2004/08/events/event'><System><Provider Name='Microsoft-Windows-Sysmon' Guid='{5770385f-c22a-43e0-bf4c-06f5698ffbd9}'/><EventID>10</EventID><Version>3</Version><Level>4</Level><Task>10</Task><Opcode>0</Opcode><Keywords>0x8000000000000000</Keywords><TimeCreated SystemTime='2021-09-30T14:34:11.2992324Z'/><EventRecordID>1730048</EventRecordID><Correlation/><Execution ProcessID='3064' ThreadID='3712'/><Channel>Microsoft-Windows-Sysmon/Operational</Channel><Computer>DESKTOP-FPVDM4B</Computer><Security UserID='S-1-5-18'/></System><EventData><Data Name='RuleName'>-</Data><Data Name='UtcTime'>2021-09-30 14:34:11.292</Data><Data Name='SourceProcessGUID'>{de1f7a01-cad9-6155-5200-000000000600}</Data><Data Name='SourceProcessId'>2292</Data><Data Name='SourceThreadId'>4304</Data><Data Name='SourceImage'>C:\Windows\system32\svchost.exe</Data><Data Name='TargetProcessGUID'>{de1f7a01-cad0-6155-1100-000000000600}</Data><Data Name='TargetProcessId'>980</Data><Data Name='TargetImage'>C:\Windows\system32\svchost.exe</Data><Data Name='GrantedAccess'>0x1000</Data><Data Name='CallTrace'>C:\Windows\SYSTEM32\ntdll.dll+9ddf4|C:\Windows\System32\RPCRT4.dll+3b8a4|C:\Windows\System32\combase.dll+c851c|c:\windows\system32\windows.staterepository.dll+2bbab|c:\windows\system32\windows.staterepository.dll+1407e|C:\Windows\System32\RPCRT4.dll+7a0e3|C:\Windows\System32\RPCRT4.dll+e21cb|C:\Windows\System32\RPCRT4.dll+1b369|C:\Windows\System32\combase.dll+b9d3c|C:\Windows\System32\RPCRT4.dll+5b71b|C:\Windows\System32\combase.dll+81173|C:\Windows\System32\combase.dll+80efe|C:\Windows\System32\combase.dll+be236|C:\Windows\System32\combase.dll+5a283|C:\Windows\System32\combase.dll+b633d|C:\Windows\System32\combase.dll+26aa6|C:\Windows\System32\combase.dll+f8454|C:\Windows\System32\combase.dll+28a69|C:\Windows\System32\RPCRT4.dll+57838|C:\Windows\System32\RPCRT4.dll+39e06|C:\Windows\System32\RPCRT4.dll+39a36|C:\Windows\System32\RPCRT4.dll+47dbf|C:\Windows\System32\RPCRT4.dll+47378|C:\Windows\System32\RPCRT4.dll+46961</Data></EventData></Event>
<Event xmlns='http://schemas.microsoft.com/win/2004/08/events/event'><System><Provider Name='Microsoft-Windows-Sysmon' Guid='{5770385f-c22a-43e0-bf4c-06f5698ffbd9}'/><EventID>7</EventID><Version>3</Version><Level>4</Level><Task>7</Task><Opcode>0</Opcode><Keywords>0x8000000000000000</Keywords><TimeCreated SystemTime='2021-09-30T14:34:11.2998602Z'/><EventRecordID>1730049</EventRecordID><Correlation/><Execution ProcessID='3064' ThreadID='3712'/><Channel>Microsoft-Windows-Sysmon/Operational</Channel><Computer>DESKTOP-FPVDM4B</Computer><Security UserID='S-1-5-18'/></System><EventData><Data Name='RuleName'>-</Data><Data Name='UtcTime'>2021-09-30 14:34:11.292</Data><Data Name='ProcessGuid'>{de1f7a01-cae3-6155-5e00-000000000600}</Data><Data Name='ProcessId'>4876</Data><Data Name='Image'>C:\Windows\System32\svchost.exe</Data><Data Name='ImageLoaded'>C:\Windows\System32\gdi32.dll</Data><Data Name='FileVersion'>10.0.19041.746 (WinBuild.160101.0800)</Data><Data Name='Description'>GDI Client DLL</Data><Data Name='Product'>Microsoft® Windows® Operating System</Data><Data Name='Company'>Microsoft Corporation</Data><Data Name='OriginalFileName'>gdi32</Data><Data Name='Hashes'>MD5=EFA56A26A9CE24B8D3E3AF512A08B431,SHA256=ED1D2E614DE882EC0BEC3A87E10650ACCFD7E64D167B589023EEC460FBC44CB4</Data><Data Name='Signed'>true</Data><Data Name='Signature'>Microsoft Windows</Data><Data Name='SignatureStatus'>Valid</Data></EventData></Event>
<Event xmlns='http://schemas.microsoft.com/win/2004/08/events/event'><System><Provider Name='Microsoft-Windows-Sysmon' Guid='{5770385f-c22a-43e0-bf4c-06f5698ffbd9}'/><EventID>7</EventID><Version>3</Version><Level>4</Level><Task>7</Task><Opcode>0</Opcode><Keywords>0x8000000000000000</Keywords><TimeCreated SystemTime='2021-09-30T14:34:11.3006222Z'/><EventRecordID>1730050</EventRecordID><Correlation/><Execution ProcessID='3064' ThreadID='3712'/><Channel>Microsoft-Windows-Sysmon/Operational</Channel><Computer>DESKTOP-FPVDM4B</Computer><Security UserID='S-1-5-18'/></System><EventData><Data Name='RuleName'>-</Data><Data Name='UtcTime'>2021-09-30 14:34:11.292</Data><Data Name='ProcessGuid'>{de1f7a01-cae3-6155-5e00-000000000600}</Data><Data Name='ProcessId'>4876</Data><Data Name='Image'>C:\Windows\System32\svchost.exe</Data><Data Name='ImageLoaded'>C:\Windows\System32\gdi32full.dll</Data><Data Name='FileVersion'>10.0.19041.928 (WinBuild.160101.0800)</Data><Data Name='Description'>GDI Client DLL</Data><Data Name='Product'>Microsoft® Windows® Operating System</Data><Data Name='Company'>Microsoft Corporation</Data><Data Name='OriginalFileName'>gdi32</Data><Data Name='Hashes'>MD5=11D390C255A10A66053DE1F133692001,SHA256=1B36C9FC931AD1DF77245E16A522F1F6F9043758D54C0388C2F75F1C56B98E4F</Data><Data Name='Signed'>true</Data><Data Name='Signature'>Microsoft Windows</Data><Data Name='SignatureStatus'>Valid</Data></EventData></Event>
<Event xmlns='http://schemas.microsoft.com/win/2004/08/events/event'><System><Provider Name='Microsoft-Windows-Sysmon' Guid='{5770385f-c22a-43e0-bf4c-06f5698ffbd9}'/><EventID>7</EventID><Version>3</Version><Level>4</Level><Task>7</Task><Opcode>0</Opcode><Keywords>0x8000000000000000</Keywords><TimeCreated SystemTime='2021-09-30T14:34:11.3013682Z'/><EventRecordID>1730051</EventRecordID><Correlation/><Execution ProcessID='3064' ThreadID='3712'/><Channel>Microsoft-Windows-Sysmon/Operational</Channel><Computer>DESKTOP-FPVDM4B</Computer><Security UserID='S-1-5-18'/></System><EventData><Data Name='RuleName'>-</Data><Data Name='UtcTime'>2021-09-30 14:34:11.292</Data><Data Name='ProcessGuid'>{de1f7a01-cae3-6155-5e00-000000000600}</Data><Data Name='ProcessId'>4876</Data><Data Name='Image'>C:\Windows\System32\svchost.exe</Data><Data Name='ImageLoaded'>C:\Windows\System32\msvcp_win.dll</Data><Data Name='FileVersion'>10.0.19041.789 (WinBuild.160101.0800)</Data><Data Name='Description'>Microsoft® C Runtime Library</Data><Data Name='Product'>Microsoft® Windows® Operating System</Data><Data Name='Company'>Microsoft Corporation</Data><Data Name='OriginalFileName'>msvcp_win.dll</Data><Data Name='Hashes'>MD5=34692D0BDE33641B576C32165FBAAF6D,SHA256=FD1D0CC8A5AC8BF20AF9E1A7EC360DD76DC022DFE992556948DF1C17F7A714D2</Data><Data Name='Signed'>true</Data><Data Name='Signature'>Microsoft Windows</Data><Data Name='SignatureStatus'>Valid</Data></EventData></Event>
<Event xmlns='http://schemas.microsoft.com/win/2004/08/events/event'><System><Provider Name='Microsoft-Windows-Sysmon' Guid='{5770385f-c22a-43e0-bf4c-06f5698ffbd9}'/><EventID>10</EventID><Version>3</Version><Level>4</Level><Task>10</Task><Opcode>0</Opcode><Keywords>0x8000000000000000</Keywords><TimeCreated SystemTime='2021-09-30T14:34:11.3073720Z'/><EventRecordID>1730052</EventRecordID><Correlation/><Execution ProcessID='3064' ThreadID='3712'/><Channel>Microsoft-Windows-Sysmon/Operational</Channel><Computer>DESKTOP-FPVDM4B</Computer><Security UserID='S-1-5-18'/></System><EventData><Data Name='RuleName'>-</Data><Data Name='UtcTime'>2021-09-30 14:34:11.292</Data><Data Name='SourceProcessGUID'>{de1f7a01-cad0-6155-0d00-000000000600}</Data><Data Name='SourceProcessId'>812</Data><Data Name='SourceThreadId'>376</Data><Data Name='SourceImage'>C:\Windows\system32\svchost.exe</Data><Data Name='TargetProcessGUID'>{de1f7a01-cae3-6155-5e00-000000000600}</Data><Data Name='TargetProcessId'>4876</Data><Data Name='TargetImage'>C:\Windows\system32\svchost.exe</Data><Data Name='GrantedAccess'>0x1000</Data><Data Name='CallTrace'>C:\Windows\SYSTEM32\ntdll.dll+9d1e4|C:\Windows\System32\KERNELBASE.dll+2bcbe|c:\windows\system32\rpcss.dll+40603|c:\windows\system32\rpcss.dll+405c3|C:\Windows\System32\RPCRT4.dll+7a0e3|C:\Windows\System32\RPCRT4.dll+1c468|C:\Windows\System32\RPCRT4.dll+5ec3a|C:\Windows\System32\RPCRT4.dll+57838|C:\Windows\System32\RPCRT4.dll+39e06|C:\Windows\System32\RPCRT4.dll+39758|C:\Windows\System32\RPCRT4.dll+47f6f|C:\Windows\System32\RPCRT4.dll+47378|C:\Windows\System32\RPCRT4.dll+46961|C:\Windows\System32\RPCRT4.dll+463ce|C:\Windows\System32\RPCRT4.dll+4a9d2|C:\Windows\SYSTEM32\ntdll.dll+20330|C:\Windows\SYSTEM32\ntdll.dll+52f26|C:\Windows\System32\KERNEL32.DLL+17034|C:\Windows\SYSTEM32\ntdll.dll+52651</Data></EventData></Event>
<Event xmlns='http://schemas.microsoft.com/win/2004/08/events/event'><System><Provider Name='Microsoft-Windows-Sysmon' Guid='{5770385f-c22a-43e0-bf4c-06f5698ffbd9}'/><EventID>10</EventID><Version>3</Version><Level>4</Level><Task>10</Task><Opcode>0</Opcode><Keywords>0x8000000000000000</Keywords><TimeCreated SystemTime='2021-09-30T14:34:11.3079062Z'/><EventRecordID>1730053</EventRecordID><Correlation/><Execution ProcessID='3064' ThreadID='3712'/><Channel>Microsoft-Windows-Sysmon/Operational</Channel><Computer>DESKTOP-FPVDM4B</Computer><Security UserID='S-1-5-18'/></System><EventData><Data Name='RuleName'>-</Data><Data Name='UtcTime'>2021-09-30 14:34:11.292</Data><Data Name='SourceProcessGUID'>{de1f7a01-cad0-6155-1000-000000000600}</Data><Data Name='SourceProcessId'>932</Data><Data Name='SourceThreadId'>1544</Data><Data Name='SourceImage'>C:\Windows\system32\svchost.exe</Data><Data Name='TargetProcessGUID'>{de1f7a01-cae3-6155-5e00-000000000600}</Data><Data Name='TargetProcessId'>4876</Data><Data Name='TargetImage'>C:\Windows\system32\svchost.exe</Data><Data Name='GrantedAccess'>0x100000</Data><Data Name='CallTrace'>C:\Windows\SYSTEM32\ntdll.dll+9ddf4|C:\Windows\System32\RPCRT4.dll+3b8a4|c:\windows\system32\rpcss.dll+cee5|c:\windows\system32\rpcss.dll+b6a7|C:\Windows\System32\RPCRT4.dll+7a0e3|C:\Windows\System32\RPCRT4.dll+1c468|C:\Windows\System32\RPCRT4.dll+5ec3a|C:\Windows\System32\RPCRT4.dll+57838|C:\Windows\System32\RPCRT4.dll+39e06|C:\Windows\System32\RPCRT4.dll+39758|C:\Windows\System32\RPCRT4.dll+47f6f|C:\Windows\System32\RPCRT4.dll+47378|C:\Windows\System32\RPCRT4.dll+46961|C:\Windows\System32\RPCRT4.dll+463ce|C:\Windows\System32\RPCRT4.dll+4a9d2|C:\Windows\SYSTEM32\ntdll.dll+20330|C:\Windows\SYSTEM32\ntdll.dll+52f26|C:\Windows\System32\KERNEL32.DLL+17034|C:\Windows\SYSTEM32\ntdll.dll+52651</Data></EventData></Event>
<Event xmlns='http://schemas.microsoft.com/win/2004/08/events/event'><System><Provider Name='Microsoft-Windows-Sysmon' Guid='{5770385f-c22a-43e0-bf4c-06f5698ffbd9}'/><EventID>12</EventID><Version>2</Version><Level>4</Level><Task>12</Task><Opcode>0</Opcode><Keywords>0x8000000000000000</Keywords><TimeCreated SystemTime='2021-09-30T14:34:11.3079647Z'/><EventRecordID>1730054</EventRecordID><Correlation/><Execution ProcessID='3064' ThreadID='3712'/><Channel>Microsoft-Windows-Sysmon/Operational</Channel><Computer>DESKTOP-FPVDM4B</Computer><Security UserID='S-1-5-18'/></System><EventData><Data Name='RuleName'>-</Data><Data Name='EventType'>CreateKey</Data><Data Name='UtcTime'>2021-09-30 14:34:11.292</Data><Data Name='ProcessGuid'>{de1f7a01-cad4-6155-4200-000000000600}</Data><Data Name='ProcessId'>3064</Data><Data Name='Image'>C:\Windows\Sysmon64.exe</Data><Data Name='TargetObject'>HKU\.DEFAULT\Software\Microsoft\SystemCertificates\Disallowed</Data></EventData></Event>
<Event xmlns='http://schemas.microsoft.com/win/2004/08/events/event'><System><Provider Name='Microsoft-Windows-Sysmon' Guid='{5770385f-c22a-43e0-bf4c-06f5698ffbd9}'/><EventID>12</EventID><Version>2</Version><Level>4</Level><Task>12</Task><Opcode>0</Opcode><Keywords>0x8000000000000000</Keywords><TimeCreated SystemTime='2021-09-30T14:34:11.3086156Z'/><EventRecordID>1730055</EventRecordID><Correlation/><Execution ProcessID='3064' ThreadID='3712'/><Channel>Microsoft-Windows-Sysmon/Operational</Channel><Computer>DESKTOP-FPVDM4B</Computer><Security UserID='S-1-5-18'/></System><EventData><Data Name='RuleName'>-</Data><Data Name='EventType'>CreateKey</Data><Data Name='UtcTime'>2021-09-30 14:34:11.292</Data><Data Name='ProcessGuid'>{de1f7a01-cad4-6155-4200-000000000600}</Data><Data Name='ProcessId'>3064</Data><Data Name='Image'>C:\Windows\Sysmon64.exe</Data><Data Name='TargetObject'>HKU\.DEFAULT\Software\Microsoft\SystemCertificates\Disallowed</Data></EventData></Event>
