<Event xmlns='http://schemas.microsoft.com/win/2004/08/events/event'><System><Provider Name='Microsoft-Windows-Sysmon' Guid='{5770385f-c22a-43e0-bf4c-06f5698ffbd9}'/><EventID>12</EventID><Version>2</Version><Level>4</Level><Task>12</Task><Opcode>0</Opcode><Keywords>0x8000000000000000</Keywords><TimeCreated SystemTime='2021-09-30T14:34:11.3093325Z'/><EventRecordID>1730056</EventRecordID><Correlation/><Execution ProcessID='3064' ThreadID='3712'/><Channel>Microsoft-Windows-Sysmon/Operational</Channel><Computer>DESKTOP-FPVDM4B</Computer><Security UserID='S-1-5-18'/></System><EventData><Data Name='RuleName'>-</Data><Data Name='EventType'>CreateKey</Data><Data Name='UtcTime'>2021-09-30 14:34:11.292</Data><Data Name='ProcessGuid'>{de1f7a01-cad4-6155-4200-000000000600}</Data><Data Name='ProcessId'>3064</Data><Data Name='Image'>C:\Windows\Sysmon64.exe</Data><Data Name='TargetObject'>HKU\.DEFAULT\Software\Microsoft\SystemCertificates\Disallowed\Certificates</Data></EventData></Event>
<Event xmlns='http://schemas.microsoft.com/win/2004/08/events/event'><System><Provider Name='Microsoft-Windows-Sysmon' Guid='{5770385f-c22a-43e0-bf4c-06f5698ffbd9}'/><EventID>12</EventID><Version>2</Version><Level>4</Level><Task>12</Task><Opcode>0</Opcode><Keywords>0x8000000000000000</Keywords><TimeCreated SystemTime='2021-09-30T14:34:11.3096390Z'/><EventRecordID>1730057</EventRecordID><Correlation/><Execution ProcessID='3064' ThreadID='3712'/><Channel>Microsoft-Windows-Sysmon/Operational</Channel><Computer>DESKTOP-FPVDM4B</Computer><Security UserID='S-1-5-18'/></System><EventData><Data Name='RuleName'>-</Data><Data Name='EventType'>CreateKey</Data><Data Name='UtcTime'>2021-09-30 14:34:11.292</Data><Data Name='ProcessGuid'>{de1f7a01-cad4-6155-4200-000000000600}</Data><Data Name='ProcessId'>3064</Data><Data Name='Image'>C:\Windows\Sysmon64.exe</Data><Data Name='TargetObject'>HKU\.DEFAULT\Software\Microsoft\SystemCertificates\Disallowed\CRLs</Data></EventData></Event>
<Event xmlns='http://schemas.microsoft.com/win/2004/08/events/event'><System><Provider Name='Microsoft-Windows-Sysmon' Guid='{5770385f-c22a-43e0-bf4c-06f5698ffbd9}'/><EventID>12</EventID><Version>2</Version><Level>4</Level><Task>12</Task><Opcode>0</Opcode><Keywords>0x8000000000000000</Keywords><TimeCreated SystemTime='2021-09-30T14:34:11.3099261Z'/><EventRecordID>1730058</EventRecordID><Correlation/><Execution ProcessID='3064' ThreadID='3712'/><Channel>Microsoft-Windows-Sysmon/Operational</Channel><Computer>DESKTOP-FPVDM4B</Computer><Security UserID='S-1-5-18'/></System><EventData><Data Name='RuleName'>-</Data><Data Name='EventType'>CreateKey</Data><Data Name='UtcTime'>2021-09-30 14:34:11.292</Data><Data Name='ProcessGuid'>{de1f7a01-cad4-6155-4200-000000000600}</Data><Data Name='ProcessId'>3064</Data><Data Name='Image'>C:\Windows\Sysmon64.exe</Data><Data Name='TargetObject'>HKU\.DEFAULT\Software\Microsoft\SystemCertificates\Disallowed\CTLs</Data></EventData></Event>
<Event xmlns='http://schemas.microsoft.com/win/2004/08/events/event'><System><Provider Name='Microsoft-Windows-Sysmon' Guid='{5770385f-c22a-43e0-bf4c-06f5698ffbd9}'/><EventID>12</EventID><Version>2</Version><Level>4</Level><Task>12</Task><Opcode>0</Opcode><Keywords>0x8000000000000000</Keywords><TimeCreated SystemTime='2021-09-30T14:34:11.3105348Z'/><EventRecordID>1730059</EventRecordID><Correlation/><Execution ProcessID='3064' ThreadID='3712'/><Channel>Microsoft-Windows-Sysmon/Operational</Channel><Computer>DESKTOP-FPVDM4B</Computer><Security UserID='S-1-5-18'/></System><EventData><Data Name='RuleName'>-</Data><Data Name='EventType'>CreateKey</Data><Data Name='UtcTime'>2021-09-30 14:34:11.309</Data><Data Name='ProcessGuid'>{de1f7a01-cad4-6155-4200-000000000600}</Data><Data Name='ProcessId'>3064</Data><Data Name='Image'>C:\Windows\Sysmon64.exe</Data><Data Name='TargetObject'>HKU\.DEFAULT\Software\Policies\Microsoft\SystemCertificates\Disallowed</Data></EventData></Event>
<Event xmlns='http://schemas.microsoft.com/win/2004/08/events/event'><System><Provider Name='Microsoft-Windows-Sysmon' Guid='{5770385f-c22a-43e0-bf4c-06f5698ffbd9}'/><EventID>12</EventID><Version>2</Version><Level>4</Level><Task>12</Task><Opcode>0</Opcode><Keywords>0x8000000000000000</Keywords><TimeCreated SystemTime='2021-09-30T14:34:11.3108843Z'/><EventRecordID>1730060</EventRecordID><Correlation/><Execution ProcessID='3064' ThreadID='3712'/><Channel>Microsoft-Windows-Sysmon/Operational</Channel><Computer>DESKTOP-FPVDM4B</Computer><Security UserID='S-1-5-18'/></System><EventData><Data Name='RuleName'>-</Data><Data Name='EventType'>CreateKey</Data><Data Name='UtcTime'>2021-09-30 14:34:11.309</Data><Data Name='ProcessGuid'>{de1f7a01-cad4-6155-4200-000000000600}</Data><Data Name='ProcessId'>3064</Data><Data Name='Image'>C:\Windows\Sysmon64.exe</Data><Data Name='TargetObject'>HKU\.DEFAULT\Software\Policies\Microsoft\SystemCertificates\Disallowed\Certificates</Data></EventData></Event>
<Event xmlns='http://schemas.microsoft.com/win/2004/08/events/event'><System><Provider Name='Microsoft-Windows-Sysmon' Guid='{5770385f-c22a-43e0-bf4c-06f5698ffbd9}'/><EventID>12</EventID><Version>2</Version><Level>4</Level><Task>12</Task><Opcode>0</Opcode><Keywords>0x8000000000000000</Keywords><TimeCreated SystemTime='2021-09-30T14:34:11.3114795Z'/><EventRecordID>1730061</EventRecordID><Correlation/><Execution ProcessID='3064' ThreadID='3712'/><Channel>Microsoft-Windows-Sysmon/Operational</Channel><Computer>DESKTOP-FPVDM4B</Computer><Security UserID='S-1-5-18'/></System><EventData><Data Name='RuleName'>-</Data><Data Name='EventType'>CreateKey</Data><Data Name='UtcTime'>2021-09-30 14:34:11.309</Data><Data Name='ProcessGuid'>{de1f7a01-cad4-6155-4200-000000000600}</Data><Data Name='ProcessId'>3064</Data><Data Name='Image'>C:\Windows\Sysmon64.exe</Data><Data Name='TargetObject'>HKU\.DEFAULT\Software\Policies\Microsoft\SystemCertificates\Disallowed\CRLs</Data></EventData></Event>
<Event xmlns='http://schemas.microsoft.com/win/2004/08/events/event'><System><Provider Name='Microsoft-Windows-Sysmon' Guid='{5770385f-c22a-43e0-bf4c-06f5698ffbd9}'/><EventID>12</EventID><Version>2</Version><Level>4</Level><Task>12</Task><Opcode>0</Opcode><Keywords>0x8000000000000000</Keywords><TimeCreated SystemTime='2021-09-30T14:34:11.3118259Z'/><EventRecordID>1730062</EventRecordID><Correlation/><Execution ProcessID='3064' ThreadID='3712'/><Channel>Microsoft-Windows-Sysmon/Operational</Channel><Computer>DESKTOP-FPVDM4B</Computer><Security UserID='S-1-5-18'/></System><EventData><Data Name='RuleName'>-</Data><Data Name='EventType'>CreateKey</Data><Data Name='UtcTime'>2021-09-30 14:34:11.309</Data><Data Name='ProcessGuid'>{de1f7a01-cad4-6155-4200-000000000600}</Data><Data Name='ProcessId'>3064</Data><Data Name='Image'>C:\Windows\Sysmon64.exe</Data><Data Name='TargetObject'>HKU\.DEFAULT\Software\Policies\Microsoft\SystemCertificates\Disallowed\CTLs</Data></EventData></Event>
<Event xmlns='http://schemas.microsoft.com/win/2004/08/events/event'><System><Provider Name='Microsoft-Windows-Sysmon' Guid='{5770385f-c22a-43e0-bf4c-06f5698ffbd9}'/><EventID>10</EventID><Version>3</Version><Level>4</Level><Task>10</Task><Opcode>0</Opcode><Keywords>0x8000000000000000</Keywords><TimeCreated SystemTime='2021-09-30T14:34:11.3121363Z'/><EventRecordID>1730063</EventRecordID><Correlation/><Execution ProcessID='3064' ThreadID='3712'/><Channel>Microsoft-Windows-Sysmon/Operational</Channel><Computer>DESKTOP-FPVDM4B</Computer><Security UserID='S-1-5-18'/></System><EventData><Data Name='RuleName'>-</Data><Data Name='UtcTime'>2021-09-30 14:34:11.309</Data><Data Name='SourceProcessGUID'>{de1f7a01-cacf-6155-0b00-000000000600}</Data><Data Name='SourceProcessId'>656</Data><Data Name='SourceThreadId'>3424</Data><Data Name='SourceImage'>C:\Windows\system32\services.exe</Data><Data Name='TargetProcessGUID'>{de1f7a01-cae3-6155-5e00-000000000600}</Data><Data Name='TargetProcessId'>4876</Data><Data Name='TargetImage'>C:\Windows\system32\svchost.exe</Data><Data Name='GrantedAccess'>0x1000</Data><Data Name='CallTrace'>C:\Windows\SYSTEM32\ntdll.dll+9ddf4|C:\Windows\System32\RPCRT4.dll+3b8a4|C:\Windows\system32\services.exe+1e34|C:\Windows\System32\RPCRT4.dll+7a0e3|C:\Windows\System32\RPCRT4.dll+1c468|C:\Windows\System32\RPCRT4.dll+5ec3a|C:\Windows\System32\RPCRT4.dll+57838|C:\Windows\System32\RPCRT4.dll+39e06|C:\Windows\System32\RPCRT4.dll+39758|C:\Windows\System32\RPCRT4.dll+47f6f|C:\Windows\System32\RPCRT4.dll+47378|C:\Windows\System32\RPCRT4.dll+46961|C:\Windows\System32\RPCRT4.dll+463ce|C:\Windows\System32\RPCRT4.dll+4a9d2|C:\Windows\SYSTEM32\ntdll.dll+20330|C:\Windows\SYSTEM32\ntdll.dll+52f26|C:\Windows\System32\KERNEL32.DLL+17034|C:\Windows\SYSTEM32\ntdll.dll+52651</Data></EventData></Event>
<Event xmlns='http://schemas.microsoft.com/win/2004/08/events/event'><System><Provider Name='Microsoft-Windows-Sysmon' Guid='{5770385f-c22a-43e0-bf4c-06f5698ffbd9}'/><EventID>12</EventID><Version>2</Version><Level>4</Level><Task>12</Task><Opcode>0</Opcode><Keywords>0x8000000000000000</Keywords><TimeCreated SystemTime='2021-09-30T14:34:11.3122294Z'/><EventRecordID>1730064</EventRecordID><Correlation/><Execution ProcessID='3064' ThreadID='3712'/><Channel>Microsoft-Windows-Sysmon/Operational</Channel><Computer>DESKTOP-FPVDM4B</Computer><Security UserID='S-1-5-18'/></System><EventData><Data Name='RuleName'>-</Data><Data Name='EventType'>CreateKey</Data><Data Name='UtcTime'>2021-09-30 14:34:11.309</Data><Data Name='ProcessGuid'>{de1f7a01-cad4-6155-4200-000000000600}</Data><Data Name='ProcessId'>3064</Data><Data Name='Image'>C:\Windows\Sysmon64.exe</Data><Data Name='TargetObject'>HKLM\SOFTWARE\Microsoft\SystemCertificates\Disallowed</Data></EventData></Event>
<Event xmlns='http://schemas.microsoft.com/win/2004/08/events/event'><System><Provider Name='Microsoft-Windows-Sysmon' Guid='{5770385f-c22a-43e0-bf4c-06f5698ffbd9}'/><EventID>12</EventID><Version>2</Version><Level>4</Level><Task>12</Task><Opcode>0</Opcode><Keywords>0x8000000000000000</Keywords><TimeCreated SystemTime='2021-09-30T14:34:11.3126430Z'/><EventRecordID>1730065</EventRecordID><Correlation/><Execution ProcessID='3064' ThreadID='3712'/><Channel>Microsoft-Windows-Sysmon/Operational</Channel><Computer>DESKTOP-FPVDM4B</Computer><Security UserID='S-1-5-18'/></System><EventData><Data Name='RuleName'>-</Data><Data Name='EventType'>CreateKey</Data><Data Name='UtcTime'>2021-09-30 14:34:11.309</Data><Data Name='ProcessGuid'>{de1f7a01-cad4-6155-4200-000000000600}</Data><Data Name='ProcessId'>3064</Data><Data Name='Image'>C:\Windows\Sysmon64.exe</Data><Data Name='TargetObject'>HKLM\SOFTWARE\Microsoft\SystemCertificates\Disallowed</Data></EventData></Event>
<Event xmlns='http://schemas.microsoft.com/win/2004/08/events/event'><System><Provider Name='Microsoft-Windows-Sysmon' Guid='{5770385f-c22a-43e0-bf4c-06f5698ffbd9}'/><EventID>12</EventID><Version>2</Version><Level>4</Level><Task>12</Task><Opcode>0</Opcode><Keywords>0x8000000000000000</Keywords><TimeCreated SystemTime='2021-09-30T14:34:11.3128626Z'/><EventRecordID>1730066</EventRecordID><Correlation/><Execution ProcessID='3064' ThreadID='3712'/><Channel>Microsoft-Windows-Sysmon/Operational</Channel><Computer>DESKTOP-FPVDM4B</Computer><Security UserID='S-1-5-18'/></System><EventData><Data Name='RuleName'>-</Data><Data Name='EventType'>CreateKey</Data><Data Name='UtcTime'>2021-09-30 14:34:11.309</Data><Data Name='ProcessGuid'>{de1f7a01-cad4-6155-4200-000000000600}</Data><Data Name='ProcessId'>3064</Data><Data Name='Image'>C:\Windows\Sysmon64.exe</Data><Data Name='TargetObject'>HKLM\SOFTWARE\Microsoft\SystemCertificates\Disallowed\Certificates</Data></EventData></Event>
<Event xmlns='http://schemas.microsoft.com/win/2004/08/events/event'><System><Provider Name='Microsoft-Windows-Sysmon' Guid='{5770385f-c22a-43e0-bf4c-06f5698ffbd9}'/><EventID>12</EventID><Version>2</Version><Level>4</Level><Task>12</Task><Opcode>0</Opcode><Keywords>0x8000000000000000</Keywords><TimeCreated SystemTime='2021-09-30T14:34:11.3132856Z'/><EventRecordID>1730067</EventRecordID><Correlation/><Execution ProcessID='3064' ThreadID='3712'/><Channel>Microsoft-Windows-Sysmon/Operational</Channel><Computer>DESKTOP-FPVDM4B</Computer><Security UserID='S-1-5-18'/></System><EventData><Data Name='RuleName'>-</Data><Data Name='EventType'>CreateKey</Data><Data Name='UtcTime'>2021-09-30 14:34:11.309</Data><Data Name='ProcessGuid'>{de1f7a01-cad4-6155-4200-000000000600}</Data><Data Name='ProcessId'>3064</Data><Data Name='Image'>C:\Windows\Sysmon64.exe</Data><Data Name='TargetObject'>HKLM\SOFTWARE\Microsoft\SystemCertificates\Disallowed\CRLs</Data></EventData></Event>
<Event xmlns='http://schemas.microsoft.com/win/2004/08/events/event'><System><Provider Name='Microsoft-Windows-Sysmon' Guid='{5770385f-c22a-43e0-bf4c-06f5698ffbd9}'/><EventID>12</EventID><Version>2</Version><Level>4</Level><Task>12</Task><Opcode>0</Opcode><Keywords>0x8000000000000000</Keywords><TimeCreated SystemTime='2021-09-30T14:34:11.3137703Z'/><EventRecordID>1730068</EventRecordID><Correlation/><Execution ProcessID='3064' ThreadID='3712'/><Channel>Microsoft-Windows-Sysmon/Operational</Channel><Computer>DESKTOP-FPVDM4B</Computer><Security UserID='S-1-5-18'/></System><EventData><Data Name='RuleName'>-</Data><Data Name='EventType'>CreateKey</Data><Data Name='UtcTime'>2021-09-30 14:34:11.309</Data><Data Name='ProcessGuid'>{de1f7a01-cad4-6155-4200-000000000600}</Data><Data Name='ProcessId'>3064</Data><Data Name='Image'>C:\Windows\Sysmon64.exe</Data><Data Name='TargetObject'>HKLM\SOFTWARE\Microsoft\SystemCertificates\Disallowed\CTLs</Data></EventData></Event>
<Event xmlns='http://schemas.microsoft.com/win/2004/08/events/event'><System><Provider Name='Microsoft-Windows-Sysmon' Guid='{5770385f-c22a-43e0-bf4c-06f5698ffbd9}'/><EventID>12</EventID><Version>2</Version><Level>4</Level><Task>12</Task><Opcode>0</Opcode><Keywords>0x8000000000000000</Keywords><TimeCreated SystemTime='2021-09-30T14:34:11.3142730Z'/><EventRecordID>1730069</EventRecordID><Correlation/><Execution ProcessID='3064' ThreadID='3712'/><Channel>Microsoft-Windows-Sysmon/Operational</Channel><Computer>DESKTOP-FPVDM4B</Computer><Security UserID='S-1-5-18'/></System><EventData><Data Name='RuleName'>-</Data><Data Name='EventType'>CreateKey</Data><Data Name='UtcTime'>2021-09-30 14:34:11.309</Data><Data Name='ProcessGuid'>{de1f7a01-cad4-6155-4200-000000000600}</Data><Data Name='ProcessId'>3064</Data><Data Name='Image'>C:\Windows\Sysmon64.exe</Data><Data Name='TargetObject'>HKLM\SOFTWARE\Policies\Microsoft\SystemCertificates\Disallowed</Data></EventData></Event>