
<Event xmlns='http://schemas.microsoft.com/win/2004/08/events/event'><System><Provider Name='Microsoft-Windows-Sysmon' Guid='{5770385f-c22a-43e0-bf4c-06f5698ffbd9}'/><EventID>13</EventID><Version>2</Version><Level>4</Level><Task>13</Task><Opcode>0</Opcode><Keywords>0x8000000000000000</Keywords><TimeCreated SystemTime='2021-09-30T14:34:09.4534793Z'/><EventRecordID>1722721</EventRecordID><Correlation/><Execution ProcessID='3064' ThreadID='3712'/><Channel>Microsoft-Windows-Sysmon/Operational</Channel><Computer>DESKTOP-FPVDM4B</Computer><Security UserID='S-1-5-18'/></System><EventData><Data Name='RuleName'>-</Data><Data Name='EventType'>SetValue</Data><Data Name='UtcTime'>2021-09-30 14:34:09.448</Data><Data Name='ProcessGuid'>{de1f7a01-cad9-6155-5200-000000000600}</Data><Data Name='ProcessId'>2292</Data><Data Name='Image'>C:\Windows\system32\svchost.exe</Data><Data Name='TargetObject'>HKLM\SOFTWARE\Microsoft\Windows\CurrentVersion\AppModel\StateRepository\Cache\Activation\Data\93\HostId</Data><Data Name='Details'>Binary Data</Data></EventData></Event>
<Event xmlns='http://schemas.microsoft.com/win/2004/08/events/event'><System><Provider Name='Microsoft-Windows-Sysmon' Guid='{5770385f-c22a-43e0-bf4c-06f5698ffbd9}'/><EventID>13</EventID><Version>2</Version><Level>4</Level><Task>13</Task><Opcode>0</Opcode><Keywords>0x8000000000000000</Keywords><TimeCreated SystemTime='2021-09-30T14:34:09.4536062Z'/><EventRecordID>1722722</EventRecordID><Correlation/><Execution ProcessID='3064' ThreadID='3712'/><Channel>Microsoft-Windows-Sysmon/Operational</Channel><Computer>DESKTOP-FPVDM4B</Computer><Security UserID='S-1-5-18'/></System><EventData><Data Name='RuleName'>-</Data><Data Name='EventType'>SetValue</Data><Data Name='UtcTime'>2021-09-30 14:34:09.448</Data><Data Name='ProcessGuid'>{de1f7a01-cad9-6155-5200-000000000600}</Data><Data Name='ProcessId'>2292</Data><Data Name='Image'>C:\Windows\system32\svchost.exe</Data><Data Name='TargetObject'>HKLM\SOFTWARE\Microsoft\Windows\CurrentVersion\AppModel\StateRepository\Cache\Activation\Data\93\Executable</Data><Data Name='Details'>HxOutlook.exe</Data></EventData></Event>
<Event xmlns='http://schemas.microsoft.com/win/2004/08/events/event'><System><Provider Name='Microsoft-Windows-Sysmon' Guid='{5770385f-c22a-43e0-bf4c-06f5698ffbd9}'/><EventID>13</EventID><Version>2</Version><Level>4</Level><Task>13</Task><Opcode>0</Opcode><Keywords>0x8000000000000000</Keywords><TimeCreated SystemTime='2021-09-30T14:34:09.4538031Z'/><EventRecordID>1722723</EventRecordID><Correlation/><Execution ProcessID='3064' ThreadID='3712'/><Channel>Microsoft-Windows-Sysmon/Operational</Channel><Computer>DESKTOP-FPVDM4B</Computer><Security UserID='S-1-5-18'/></System><EventData><Data Name='RuleName'>-</Data><Data Name='EventType'>SetValue</Data><Data Name='UtcTime'>2021-09-30 14:34:09.448</Data><Data Name='ProcessGuid'>{de1f7a01-cad9-6155-5200-000000000600}</Data><Data Name='ProcessId'>2292</Data><Data Name='Image'>C:\Windows\system32\svchost.exe</Data><Data Name='TargetObject'>HKLM\SOFTWARE\Microsoft\Windows\CurrentVersion\AppModel\StateRepository\Cache\Activation\Data\93\Entrypoint</Data><Data Name='Details'>Hx.AppToAppAppointmentDispatcherBackgroundTask</Data></EventData></Event>
<Event xmlns='http://schemas.microsoft.com/win/2004/08/events/event'><System><Provider Name='Microsoft-Windows-Sysmon' Guid='{5770385f-c22a-43e0-bf4c-06f5698ffbd9}'/><EventID>13</EventID><Version>2</Version><Level>4</Level><Task>13</Task><Opcode>0</Opcode><Keywords>0x8000000000000000</Keywords><TimeCreated SystemTime='2021-09-30T14:34:09.4540115Z'/><EventRecordID>1722724</EventRecordID><Correlation/><Execution ProcessID='3064' ThreadID='3712'/><Channel>Microsoft-Windows-Sysmon/Operational</Channel><Computer>DESKTOP-FPVDM4B</Computer><Security UserID='S-1-5-18'/></System><EventData><Data Name='RuleName'>-</Data><Data Name='EventType'>SetValue</Data><Data Name='UtcTime'>2021-09-30 14:34:09.448</Data><Data Name='ProcessGuid'>{de1f7a01-cad9-6155-5200-000000000600}</Data><Data Name='ProcessId'>2292</Data><Data Name='Image'>C:\Windows\system32\svchost.exe</Data><Data Name='TargetObject'>HKLM\SOFTWARE\Microsoft\Windows\CurrentVersion\AppModel\StateRepository\Cache\Activation\Data\93\RuntimeType</Data><Data Name='Details'>Binary Data</Data></EventData></Event>
<Event xmlns='http://schemas.microsoft.com/win/2004/08/events/event'><System><Provider Name='Microsoft-Windows-Sysmon' Guid='{5770385f-c22a-43e0-bf4c-06f5698ffbd9}'/><EventID>13</EventID><Version>2</Version><Level>4</Level><Task>13</Task><Opcode>0</Opcode><Keywords>0x8000000000000000</Keywords><TimeCreated SystemTime='2021-09-30T14:34:09.4541233Z'/><EventRecordID>1722725</EventRecordID><Correlation/><Execution ProcessID='3064' ThreadID='3712'/><Channel>Microsoft-Windows-Sysmon/Operational</Channel><Computer>DESKTOP-FPVDM4B</Computer><Security UserID='S-1-5-18'/></System><EventData><Data Name='RuleName'>-</Data><Data Name='EventType'>SetValue</Data><Data Name='UtcTime'>2021-09-30 14:34:09.448</Data><Data Name='ProcessGuid'>{de1f7a01-cad9-6155-5200-000000000600}</Data><Data Name='ProcessId'>2292</Data><Data Name='Image'>C:\Windows\system32\svchost.exe</Data><Data Name='TargetObject'>HKLM\SOFTWARE\Microsoft\Windows\CurrentVersion\AppModel\StateRepository\Cache\Activation\Data\93\StartPage</Data><Data Name='Details'>Binary Data</Data></EventData></Event>
<Event xmlns='http://schemas.microsoft.com/win/2004/08/events/event'><System><Provider Name='Microsoft-Windows-Sysmon' Guid='{5770385f-c22a-43e0-bf4c-06f5698ffbd9}'/><EventID>13</EventID><Version>2</Version><Level>4</Level><Task>13</Task><Opcode>0</Opcode><Keywords>0x8000000000000000</Keywords><TimeCreated SystemTime='2021-09-30T14:34:09.4543256Z'/><EventRecordID>1722726</EventRecordID><Correlation/><Execution ProcessID='3064' ThreadID='3712'/><Channel>Microsoft-Windows-Sysmon/Operational</Channel><Computer>DESKTOP-FPVDM4B</Computer><Security UserID='S-1-5-18'/></System><EventData><Data Name='RuleName'>-</Data><Data Name='EventType'>SetValue</Data><Data Name='UtcTime'>2021-09-30 14:34:09.448</Data><Data Name='ProcessGuid'>{de1f7a01-cad9-6155-5200-000000000600}</Data><Data Name='ProcessId'>2292</Data><Data Name='Image'>C:\Windows\system32\svchost.exe</Data><Data Name='TargetObject'>HKLM\SOFTWARE\Microsoft\Windows\CurrentVersion\AppModel\StateRepository\Cache\Activation\Data\93\ResourceGroup</Data><Data Name='Details'>Binary Data</Data></EventData></Event>
<Event xmlns='http://schemas.microsoft.com/win/2004/08/events/event'><System><Provider Name='Microsoft-Windows-Sysmon' Guid='{5770385f-c22a-43e0-bf4c-06f5698ffbd9}'/><EventID>12</EventID><Version>2</Version><Level>4</Level><Task>12</Task><Opcode>0</Opcode><Keywords>0x8000000000000000</Keywords><TimeCreated SystemTime='2021-09-30T14:34:09.4545597Z'/><EventRecordID>1722727</EventRecordID><Correlation/><Execution ProcessID='3064' ThreadID='3712'/><Channel>Microsoft-Windows-Sysmon/Operational</Channel><Computer>DESKTOP-FPVDM4B</Computer><Security UserID='S-1-5-18'/></System><EventData><Data Name='RuleName'>-</Data><Data Name='EventType'>CreateKey</Data><Data Name='UtcTime'>2021-09-30 14:34:09.448</Data><Data Name='ProcessGuid'>{de1f7a01-cad9-6155-5200-000000000600}</Data><Data Name='ProcessId'>2292</Data><Data Name='Image'>C:\Windows\system32\svchost.exe</Data><Data Name='TargetObject'>HKLM\SOFTWARE\Microsoft\Windows\CurrentVersion\AppModel\StateRepository\Cache\Activation\Index</Data></EventData></Event>
<Event xmlns='http://schemas.microsoft.com/win/2004/08/events/event'><System><Provider Name='Microsoft-Windows-Sysmon' Guid='{5770385f-c22a-43e0-bf4c-06f5698ffbd9}'/><EventID>12</EventID><Version>2</Version><Level>4</Level><Task>12</Task><Opcode>0</Opcode><Keywords>0x8000000000000000</Keywords><TimeCreated SystemTime='2021-09-30T14:34:09.4548654Z'/><EventRecordID>1722728</EventRecordID><Correlation/><Execution ProcessID='3064' ThreadID='3712'/><Channel>Microsoft-Windows-Sysmon/Operational</Channel><Computer>DESKTOP-FPVDM4B</Computer><Security UserID='S-1-5-18'/></System><EventData><Data Name='RuleName'>-</Data><Data Name='EventType'>CreateKey</Data><Data Name='UtcTime'>2021-09-30 14:34:09.448</Data><Data Name='ProcessGuid'>{de1f7a01-cad9-6155-5200-000000000600}</Data><Data Name='ProcessId'>2292</Data><Data Name='Image'>C:\Windows\system32\svchost.exe</Data><Data Name='TargetObject'>HKLM\SOFTWARE\Microsoft\Windows\CurrentVersion\AppModel\StateRepository\Cache\Activation\Index\ActivationKey</Data></EventData></Event>
<Event xmlns='http://schemas.microsoft.com/win/2004/08/events/event'><System><Provider Name='Microsoft-Windows-Sysmon' Guid='{5770385f-c22a-43e0-bf4c-06f5698ffbd9}'/><EventID>12</EventID><Version>2</Version><Level>4</Level><Task>12</Task><Opcode>0</Opcode><Keywords>0x8000000000000000</Keywords><TimeCreated SystemTime='2021-09-30T14:34:09.4551049Z'/><EventRecordID>1722729</EventRecordID><Correlation/><Execution ProcessID='3064' ThreadID='3712'/><Channel>Microsoft-Windows-Sysmon/Operational</Channel><Computer>DESKTOP-FPVDM4B</Computer><Security UserID='S-1-5-18'/></System><EventData><Data Name='RuleName'>-</Data><Data Name='EventType'>CreateKey</Data><Data Name='UtcTime'>2021-09-30 14:34:09.448</Data><Data Name='ProcessGuid'>{de1f7a01-cad9-6155-5200-000000000600}</Data><Data Name='ProcessId'>2292</Data><Data Name='Image'>C:\Windows\system32\svchost.exe</Data><Data Name='TargetObject'>HKLM\SOFTWARE\Microsoft\Windows\CurrentVersion\AppModel\StateRepository\Cache\Activation\Index\ActivationKey\sazp6hx3wz95xcwcm192a91wgwpe0b9fzyw0wmymxjb5d5brgb30</Data></EventData></Event>
<Event xmlns='http://schemas.microsoft.com/win/2004/08/events/event'><System><Provider Name='Microsoft-Windows-Sysmon' Guid='{5770385f-c22a-43e0-bf4c-06f5698ffbd9}'/><EventID>12</EventID><Version>2</Version><Level>4</Level><Task>12</Task><Opcode>0</Opcode><Keywords>0x8000000000000000</Keywords><TimeCreated SystemTime='2021-09-30T14:34:09.4553592Z'/><EventRecordID>1722730</EventRecordID><Correlation/><Execution ProcessID='3064' ThreadID='3712'/><Channel>Microsoft-Windows-Sysmon/Operational</Channel><Computer>DESKTOP-FPVDM4B</Computer><Security UserID='S-1-5-18'/></System><EventData><Data Name='RuleName'>-</Data><Data Name='EventType'>CreateKey</Data><Data Name='UtcTime'>2021-09-30 14:34:09.448</Data><Data Name='ProcessGuid'>{de1f7a01-cad9-6155-5200-000000000600}</Data><Data Name='ProcessId'>2292</Data><Data Name='Image'>C:\Windows\system32\svchost.exe</Data><Data Name='TargetObject'>HKLM\SOFTWARE\Microsoft\Windows\CurrentVersion\AppModel\StateRepository\Cache\Activation\Index\ActivationKey\sazp6hx3wz95xcwcm192a91wgwpe0b9fzyw0wmymxjb5d5brgb30\93</Data></EventData></Event>
<Event xmlns='http://schemas.microsoft.com/win/2004/08/events/event'><System><Provider Name='Microsoft-Windows-Sysmon' Guid='{5770385f-c22a-43e0-bf4c-06f5698ffbd9}'/><EventID>13</EventID><Version>2</Version><Level>4</Level><Task>13</Task><Opcode>0</Opcode><Keywords>0x8000000000000000</Keywords><TimeCreated SystemTime='2021-09-30T14:34:09.4555692Z'/><EventRecordID>1722731</EventRecordID><Correlation/><Execution ProcessID='3064' ThreadID='3712'/><Channel>Microsoft-Windows-Sysmon/Operational</Channel><Computer>DESKTOP-FPVDM4B</Computer><Security UserID='S-1-5-18'/></System><EventData><Data Name='RuleName'>-</Data><Data Name='EventType'>SetValue</Data><Data Name='UtcTime'>2021-09-30 14:34:09.448</Data><Data Name='ProcessGuid'>{de1f7a01-cad9-6155-5200-000000000600}</Data><Data Name='ProcessId'>2292</Data><Data Name='Image'>C:\Windows\system32\svchost.exe</Data><Data Name='TargetObject'>HKLM\SOFTWARE\Microsoft\Windows\CurrentVersion\AppModel\StateRepository\Cache\Activation\Data\93\_IndexKeys</Data><Data Name='Details'>Binary Data</Data></EventData></Event>
<Event xmlns='http://schemas.microsoft.com/win/2004/08/events/event'><System><Provider Name='Microsoft-Windows-Sysmon' Guid='{5770385f-c22a-43e0-bf4c-06f5698ffbd9}'/><EventID>12</EventID><Version>2</Version><Level>4</Level><Task>12</Task><Opcode>0</Opcode><Keywords>0x8000000000000000</Keywords><TimeCreated SystemTime='2021-09-30T14:34:09.4557774Z'/><EventRecordID>1722732</EventRecordID><Correlation/><Execution ProcessID='3064' ThreadID='3712'/><Channel>Microsoft-Windows-Sysmon/Operational</Channel><Computer>DESKTOP-FPVDM4B</Computer><Security UserID='S-1-5-18'/></System><EventData><Data Name='RuleName'>-</Data><Data Name='EventType'>CreateKey</Data><Data Name='UtcTime'>2021-09-30 14:34:09.448</Data><Data Name='ProcessGuid'>{de1f7a01-cad9-6155-5200-000000000600}</Data><Data Name='ProcessId'>2292</Data><Data Name='Image'>C:\Windows\system32\svchost.exe</Data><Data Name='TargetObject'>HKLM\SOFTWARE\Microsoft\Windows\CurrentVersion\AppModel\StateRepository\Cache\Activation</Data></EventData></Event>
<Event xmlns='http://schemas.microsoft.com/win/2004/08/events/event'><System><Provider Name='Microsoft-Windows-Sysmon' Guid='{5770385f-c22a-43e0-bf4c-06f5698ffbd9}'/><EventID>12</EventID><Version>2</Version><Level>4</Level><Task>12</Task><Opcode>0</Opcode><Keywords>0x8000000000000000</Keywords><TimeCreated SystemTime='2021-09-30T14:34:09.4560550Z'/><EventRecordID>1722733</EventRecordID><Correlation/><Execution ProcessID='3064' ThreadID='3712'/><Channel>Microsoft-Windows-Sysmon/Operational</Channel><Computer>DESKTOP-FPVDM4B</Computer><Security UserID='S-1-5-18'/></System><EventData><Data Name='RuleName'>-</Data><Data Name='EventType'>CreateKey</Data><Data Name='UtcTime'>2021-09-30 14:34:09.448</Data><Data Name='ProcessGuid'>{de1f7a01-cad9-6155-5200-000000000600}</Data><Data Name='ProcessId'>2292</Data><Data Name='Image'>C:\Windows\system32\svchost.exe</Data><Data Name='TargetObject'>HKLM\SOFTWARE\Microsoft\Windows\CurrentVersion\AppModel\StateRepository\Cache\Activation\Data\94</Data></EventData></Event>
<Event xmlns='http://schemas.microsoft.com/win/2004/08/events/event'><System><Provider Name='Microsoft-Windows-Sysmon' Guid='{5770385f-c22a-43e0-bf4c-06f5698ffbd9}'/><EventID>13</EventID><Version>2</Version><Level>4</Level><Task>13</Task><Opcode>0</Opcode><Keywords>0x8000000000000000</Keywords><TimeCreated SystemTime='2021-09-30T14:34:09.4562386Z'/><EventRecordID>1722734</EventRecordID><Correlation/><Execution ProcessID='3064' ThreadID='3712'/><Channel>Microsoft-Windows-Sysmon/Operational</Channel><Computer>DESKTOP-FPVDM4B</Computer><Security UserID='S-1-5-18'/></System><EventData><Data Name='RuleName'>-</Data><Data Name='EventType'>SetValue</Data><Data Name='UtcTime'>2021-09-30 14:34:09.448</Data><Data Name='ProcessGuid'>{de1f7a01-cad9-6155-5200-000000000600}</Data><Data Name='ProcessId'>2292</Data><Data Name='Image'>C:\Windows\system32\svchost.exe</Data><Data Name='TargetObject'>HKLM\SOFTWARE\Microsoft\Windows\CurrentVersion\AppModel\StateRepository\Cache\Activation\Data\94\ActivationKey</Data><Data Name='Details'>g6q3ky4vvhn0wg4249232zp48m768mra1axestwbvm8ej9sbs360</Data></EventData></Event>
<Event xmlns='http://schemas.microsoft.com/win/2004/08/events/event'><System><Provider Name='Microsoft-Windows-Sysmon' Guid='{5770385f-c22a-43e0-bf4c-06f5698ffbd9}'/><EventID>13</EventID><Version>2</Version><Level>4</Level><Task>13</Task><Opcode>0</Opcode><Keywords>0x8000000000000000</Keywords><TimeCreated SystemTime='2021-09-30T14:34:09.4564190Z'/><EventRecordID>1722735</EventRecordID><Correlation/><Execution ProcessID='3064' ThreadID='3712'/><Channel>Microsoft-Windows-Sysmon/Operational</Channel><Computer>DESKTOP-FPVDM4B</Computer><Security UserID='S-1-5-18'/></System><EventData><Data Name='RuleName'>-</Data><Data Name='EventType'>SetValue</Data><Data Name='UtcTime'>2021-09-30 14:34:09.448</Data><Data Name='ProcessGuid'>{de1f7a01-cad9-6155-5200-000000000600}</Data><Data Name='ProcessId'>2292</Data><Data Name='Image'>C:\Windows\system32\svchost.exe</Data><Data Name='TargetObject'>HKLM\SOFTWARE\Microsoft\Windows\CurrentVersion\AppModel\StateRepository\Cache\Activation\Data\94\Flags</Data><Data Name='Details'>DWORD (0x00000180)</Data></EventData></Event>
<Event xmlns='http://schemas.microsoft.com/win/2004/08/events/event'><System><Provider Name='Microsoft-Windows-Sysmon' Guid='{5770385f-c22a-43e0-bf4c-06f5698ffbd9}'/><EventID>13</EventID><Version>2</Version><Level>4</Level><Task>13</Task><Opcode>0</Opcode><Keywords>0x8000000000000000</Keywords><TimeCreated SystemTime='2021-09-30T14:34:09.4565689Z'/><EventRecordID>1722736</EventRecordID><Correlation/><Execution ProcessID='3064' ThreadID='3712'/><Channel>Microsoft-Windows-Sysmon/Operational</Channel><Computer>DESKTOP-FPVDM4B</Computer><Security UserID='S-1-5-18'/></System><EventData><Data Name='RuleName'>-</Data><Data Name='EventType'>SetValue</Data><Data Name='UtcTime'>2021-09-30 14:34:09.448</Data><Data Name='ProcessGuid'>{de1f7a01-cad9-6155-5200-000000000600}</Data><Data Name='ProcessId'>2292</Data><Data Name='Image'>C:\Windows\system32\svchost.exe</Data><Data Name='TargetObject'>HKLM\SOFTWARE\Microsoft\Windows\CurrentVersion\AppModel\StateRepository\Cache\Activation\Data\94\HostId</Data><Data Name='Details'>Binary Data</Data></EventData></Event>
<Event xmlns='http://schemas.microsoft.com/win/2004/08/events/event'><System><Provider Name='Microsoft-Windows-Sysmon' Guid='{5770385f-c22a-43e0-bf4c-06f5698ffbd9}'/><EventID>13</EventID><Version>2</Version><Level>4</Level><Task>13</Task><Opcode>0</Opcode><Keywords>0x8000000000000000</Keywords><TimeCreated SystemTime='2021-09-30T14:34:09.4567521Z'/><EventRecordID>1722737</EventRecordID><Correlation/><Execution ProcessID='3064' ThreadID='3712'/><Channel>Microsoft-Windows-Sysmon/Operational</Channel><Computer>DESKTOP-FPVDM4B</Computer><Security UserID='S-1-5-18'/></System><EventData><Data Name='RuleName'>-</Data><Data Name='EventType'>SetValue</Data><Data Name='UtcTime'>2021-09-30 14:34:09.448</Data><Data Name='ProcessGuid'>{de1f7a01-cad9-6155-5200-000000000600}</Data><Data Name='ProcessId'>2292</Data><Data Name='Image'>C:\Windows\system32\svchost.exe</Data><Data Name='TargetObject'>HKLM\SOFTWARE\Microsoft\Windows\CurrentVersion\AppModel\StateRepository\Cache\Activation\Data\94\Executable</Data><Data Name='Details'>HxOutlook.exe</Data></EventData></Event>
<Event xmlns='http://schemas.microsoft.com/win/2004/08/events/event'><System><Provider Name='Microsoft-Windows-Sysmon' Guid='{5770385f-c22a-43e0-bf4c-06f5698ffbd9}'/><EventID>13</EventID><Version>2</Version><Level>4</Level><Task>13</Task><Opcode>0</Opcode><Keywords>0x8000000000000000</Keywords><TimeCreated SystemTime='2021-09-30T14:34:09.4569348Z'/><EventRecordID>1722738</EventRecordID><Correlation/><Execution ProcessID='3064' ThreadID='3712'/><Channel>Microsoft-Windows-Sysmon/Operational</Channel><Computer>DESKTOP-FPVDM4B</Computer><Security UserID='S-1-5-18'/></System><EventData><Data Name='RuleName'>-</Data><Data Name='EventType'>SetValue</Data><Data Name='UtcTime'>2021-09-30 14:34:09.448</Data><Data Name='ProcessGuid'>{de1f7a01-cad9-6155-5200-000000000600}</Data><Data Name='ProcessId'>2292</Data><Data Name='Image'>C:\Windows\system32\svchost.exe</Data><Data Name='TargetObject'>HKLM\SOFTWARE\Microsoft\Windows\CurrentVersion\AppModel\StateRepository\Cache\Activation\Data\94\Entrypoint</Data><Data Name='Details'>Hx.AppToAppContactsDispatcherBackgroundTask</Data></EventData></Event>
<Event xmlns='http://schemas.microsoft.com/win/2004/08/events/event'><System><Provider Name='Microsoft-Windows-Sysmon' Guid='{5770385f-c22a-43e0-bf4c-06f5698ffbd9}'/><EventID>13</EventID><Version>2</Version><Level>4</Level><Task>13</Task><Opcode>0</Opcode><Keywords>0x8000000000000000</Keywords><TimeCreated SystemTime='2021-09-30T14:34:09.4571007Z'/><EventRecordID>1722739</EventRecordID><Correlation/><Execution ProcessID='3064' ThreadID='3712'/><Channel>Microsoft-Windows-Sysmon/Operational</Channel><Computer>DESKTOP-FPVDM4B</Computer><Security UserID='S-1-5-18'/></System><EventData><Data Name='RuleName'>-</Data><Data Name='EventType'>SetValue</Data><Data Name='UtcTime'>2021-09-30 14:34:09.448</Data><Data Name='ProcessGuid'>{de1f7a01-cad9-6155-5200-000000000600}</Data><Data Name='ProcessId'>2292</Data><Data Name='Image'>C:\Windows\system32\svchost.exe</Data><Data Name='TargetObject'>HKLM\SOFTWARE\Microsoft\Windows\CurrentVersion\AppModel\StateRepository\Cache\Activation\Data\94\RuntimeType</Data><Data Name='Details'>Binary Data</Data></EventData></Event>
<Event xmlns='http://schemas.microsoft.com/win/2004/08/events/event'><System><Provider Name='Microsoft-Windows-Sysmon' Guid='{5770385f-c22a-43e0-bf4c-06f5698ffbd9}'/><EventID>13</EventID><Version>2</Version><Level>4</Level><Task>13</Task><Opcode>0</Opcode><Keywords>0x8000000000000000</Keywords><TimeCreated SystemTime='2021-09-30T14:34:09.4572913Z'/><EventRecordID>1722740</EventRecordID><Correlation/><Execution ProcessID='3064' ThreadID='3712'/><Channel>Microsoft-Windows-Sysmon/Operational</Channel><Computer>DESKTOP-FPVDM4B</Computer><Security UserID='S-1-5-18'/></System><EventData><Data Name='RuleName'>-</Data><Data Name='EventType'>SetValue</Data><Data Name='UtcTime'>2021-09-30 14:34:09.448</Data><Data Name='ProcessGuid'>{de1f7a01-cad9-6155-5200-000000000600}</Data><Data Name='ProcessId'>2292</Data><Data Name='Image'>C:\Windows\system32\svchost.exe</Data><Data Name='TargetObject'>HKLM\SOFTWARE\Microsoft\Windows\CurrentVersion\AppModel\StateRepository\Cache\Activation\Data\94\StartPage</Data><Data Name='Details'>Binary Data</Data></EventData></Event>
<Event xmlns='http://schemas.microsoft.com/win/2004/08/events/event'><System><Provider Name='Microsoft-Windows-Sysmon' Guid='{5770385f-c22a-43e0-bf4c-06f5698ffbd9}'/><EventID>13</EventID><Version>2</Version><Level>4</Level><Task>13</Task><Opcode>0</Opcode><Keywords>0x8000000000000000</Keywords><TimeCreated SystemTime='2021-09-30T14:34:09.4574387Z'/><EventRecordID>1722741</EventRecordID><Correlation/><Execution ProcessID='3064' ThreadID='3712'/><Channel>Microsoft-Windows-Sysmon/Operational</Channel><Computer>DESKTOP-FPVDM4B</Computer><Security UserID='S-1-5-18'/></System><EventData><Data Name='RuleName'>-</Data><Data Name='EventType'>SetValue</Data><Data Name='UtcTime'>2021-09-30 14:34:09.448</Data><Data Name='ProcessGuid'>{de1f7a01-cad9-6155-5200-000000000600}</Data><Data Name='ProcessId'>2292</Data><Data Name='Image'>C:\Windows\system32\svchost.exe</Data><Data Name='TargetObject'>HKLM\SOFTWARE\Microsoft\Windows\CurrentVersion\AppModel\StateRepository\Cache\Activation\Data\94\ResourceGroup</Data><Data Name='Details'>Binary Data</Data></EventData></Event>